#
# There is insufficient memory for the Java Runtime Environment to continue.
# Native memory allocation (mmap) failed to map 44040192 bytes for committing reserved memory.
# Possible reasons:
#   The system is out of physical RAM or swap space
#   The process is running with CompressedOops enabled, and the Java Heap may be blocking the growth of the native heap
# Possible solutions:
#   Reduce memory load on the system
#   Increase physical memory or swap space
#   Check if swap backing store is full
#   Decrease Java heap size (-Xmx/-Xms)
#   Decrease number of Java threads
#   Decrease Java thread stack sizes (-Xss)
#   Set larger code cache with -XX:ReservedCodeCacheSize=
#   JVM is running with Unscaled Compressed Oops mode in which the Java heap is
#     placed in the first 4GB address space. The Java Heap base address is the
#     maximum limit for the native heap growth. Please use -XX:HeapBaseMinAddress
#     to set the Java Heap base and to place the Java Heap above 4GB virtual address.
# This output file may be truncated or incomplete.
#
#  Out of Memory Error (os_linux.cpp:2792), pid=1548, tid=0x00007f225ac1a700
#
# JRE version: OpenJDK Runtime Environment (8.0_265-b01) (build 1.8.0_265-8u265-b01-0ubuntu2~16.04-b01)
# Java VM: OpenJDK 64-Bit Server VM (25.265-b01 mixed mode linux-amd64 compressed oops)
# Core dump written. Default location: /root/git/level5-04-bitwise-operations-CookieDoughYum/core or core.1548
#

---------------  T H R E A D  ---------------

Current thread (0x00007f226c075000):  VMThread [stack: 0x00007f225ab1a000,0x00007f225ac1b000] [id=1557]

Stack: [0x00007f225ab1a000,0x00007f225ac1b000],  sp=0x00007f225ac193c0,  free space=1020k
Native frames: (J=compiled Java code, j=interpreted, Vv=VM code, C=native code)
V  [libjvm.so+0xa7866b]
V  [libjvm.so+0x4ccadc]
V  [libjvm.so+0x8c2178]
V  [libjvm.so+0x8b962e]
V  [libjvm.so+0x93ad76]
V  [libjvm.so+0x93c0a3]
V  [libjvm.so+0x9384a4]
V  [libjvm.so+0x93873c]
V  [libjvm.so+0x8ea0f3]
V  [libjvm.so+0xa7a3a2]
V  [libjvm.so+0xa7eca7]
V  [libjvm.so+0xa7cc73]
V  [libjvm.so+0xa7d745]
V  [libjvm.so+0xa7dd12]
V  [libjvm.so+0x8bf342]

VM_Operation (0x00007f22750ab830): ParallelGCFailedAllocation, mode: safepoint, requested by thread 0x00007f226c00b800


---------------  P R O C E S S  ---------------

Java Threads: ( => current thread )
  0x00007f226c0ba800 JavaThread "Service Thread" daemon [_thread_blocked, id=1563, stack(0x00007f225a37c000,0x00007f225a47d000)]
  0x00007f226c0b8000 JavaThread "C1 CompilerThread1" daemon [_thread_blocked, id=1562, stack(0x00007f225a47d000,0x00007f225a57e000)]
  0x00007f226c0b5000 JavaThread "C2 CompilerThread0" daemon [_thread_blocked, id=1561, stack(0x00007f225a57e000,0x00007f225a67f000)]
  0x00007f226c0b3800 JavaThread "Signal Dispatcher" daemon [_thread_blocked, id=1560, stack(0x00007f225a67f000,0x00007f225a780000)]
  0x00007f226c083800 JavaThread "Finalizer" daemon [_thread_blocked, id=1559, stack(0x00007f225a918000,0x00007f225aa19000)]
  0x00007f226c07e800 JavaThread "Reference Handler" daemon [_thread_blocked, id=1558, stack(0x00007f225aa19000,0x00007f225ab1a000)]
  0x00007f226c00b800 JavaThread "main" [_thread_blocked, id=1553, stack(0x00007f2274fac000,0x00007f22750ad000)]

Other Threads:
=>0x00007f226c075000 VMThread [stack: 0x00007f225ab1a000,0x00007f225ac1b000] [id=1557]
  0x00007f226c0bd000 WatcherThread [stack: 0x00007f225a27b000,0x00007f225a37c000] [id=1564]

VM state:at safepoint (normal execution)

VM Mutex/Monitor currently owned by a thread:  ([mutex/lock_event])
[0x00007f226c007fb0] Threads_lock - owner thread: 0x00007f226c075000
[0x00007f226c0084b0] Heap_lock - owner thread: 0x00007f226c00b800

heap address: 0x00000000c2400000, size: 988 MB, Compressed Oops mode: 32-bit
Narrow klass base: 0x0000000000000000, Narrow klass shift: 3
Compressed class space size: 1073741824 Address: 0x0000000100000000

Heap:
 PSYoungGen      total 216064K, used 2365K [0x00000000eb700000, 0x00000000f8d00000, 0x0000000100000000)
  eden space 212992K, 0% used [0x00000000eb700000,0x00000000eb700000,0x00000000f8700000)
  from space 3072K, 77% used [0x00000000f8700000,0x00000000f894f788,0x00000000f8a00000)
  to   space 3072K, 0% used [0x00000000f8a00000,0x00000000f8a00000,0x00000000f8d00000)
 ParOldGen       total 37376K, used 7511K [0x00000000c2400000, 0x00000000c4880000, 0x00000000eb700000)
  object space 37376K, 20% used [0x00000000c2400000,0x00000000c2b55ee8,0x00000000c4880000)
 Metaspace       used 2761K, capacity 4486K, committed 4864K, reserved 1056768K
  class space    used 281K, capacity 386K, committed 512K, reserved 1048576K

Card table byte_map: [0x00007f227144e000,0x00007f227163d000] byte_map_base: 0x00007f2270e3c000

Marking Bits: (ParMarkBitMap*) 0x00007f2274267700
 Begin Bits: [0x00007f225b120000, 0x00007f225c090000)
 End Bits:   [0x00007f225c090000, 0x00007f225d000000)

Polling page: 0x00007f22750bb000

CodeCache: size=245760Kb used=1186Kb max_used=1201Kb free=244573Kb
 bounds [0x00007f225d000000, 0x00007f225d270000, 0x00007f226c000000]
 total_blobs=298 nmethods=52 adapters=162
 compilation: enabled

Compilation events (10 events):
Event: 0.475 Thread 0x00007f226c0b5000   48       4       java.lang.String::valueOf (18 bytes)
Event: 0.476 Thread 0x00007f226c0b5000 nmethod 48 0x00007f225d1209d0 code [0x00007f225d120b20, 0x00007f225d120c58]
Event: 0.481 Thread 0x00007f226c0b5000   49       4       java.lang.StringBuilder::<init> (18 bytes)
Event: 0.497 Thread 0x00007f226c0b5000 nmethod 49 0x00007f225d11c550 code [0x00007f225d11c6c0, 0x00007f225d11cbf8]
Event: 6.680 Thread 0x00007f226c0b8000   50 %     3       _01_Bit_Shifting.BitShifter::main @ 5 (132 bytes)
Event: 6.682 Thread 0x00007f226c0b8000 nmethod 50% 0x00007f225d122990 code [0x00007f225d122d80, 0x00007f225d1256b8]
Event: 6.869 Thread 0x00007f226c0b8000   51       3       _01_Bit_Shifting.BitShifter::main (132 bytes)
Event: 6.871 Thread 0x00007f226c0b8000 nmethod 51 0x00007f225d126a90 code [0x00007f225d126e80, 0x00007f225d129778]
Event: 17.396 Thread 0x00007f226c0b5000   52 %     4       _01_Bit_Shifting.BitShifter::main @ 5 (132 bytes)
Event: 17.455 Thread 0x00007f226c0b5000 nmethod 52% 0x00007f225d12d290 code [0x00007f225d12d460, 0x00007f225d12e498]

GC Heap History (10 events):
Event: 4581.826 GC heap after
Heap after GC invocations=45766 (full 306):
 PSYoungGen      total 151040K, used 2365K [0x00000000eb700000, 0x00000000f4e00000, 0x0000000100000000)
  eden space 147456K, 0% used [0x00000000eb700000,0x00000000eb700000,0x00000000f4700000)
  from space 3584K, 66% used [0x00000000f4a80000,0x00000000f4ccf620,0x00000000f4e00000)
  to   space 3584K, 0% used [0x00000000f4700000,0x00000000f4700000,0x00000000f4a80000)
 ParOldGen       total 37376K, used 7511K [0x00000000c2400000, 0x00000000c4880000, 0x00000000eb700000)
  object space 37376K, 20% used [0x00000000c2400000,0x00000000c2b55ee8,0x00000000c4880000)
 Metaspace       used 2761K, capacity 4486K, committed 4864K, reserved 1056768K
  class space    used 281K, capacity 386K, committed 512K, reserved 1048576K
}
Event: 4582.367 GC heap before
{Heap before GC invocations=45767 (full 306):
 PSYoungGen      total 151040K, used 147623K [0x00000000eb700000, 0x00000000f4e00000, 0x0000000100000000)
  eden space 147456K, 98% used [0x00000000eb700000,0x00000000f44da6d8,0x00000000f4700000)
  from space 3584K, 66% used [0x00000000f4a80000,0x00000000f4ccf620,0x00000000f4e00000)
  to   space 3584K, 0% used [0x00000000f4700000,0x00000000f4700000,0x00000000f4a80000)
 ParOldGen       total 37376K, used 7511K [0x00000000c2400000, 0x00000000c4880000, 0x00000000eb700000)
  object space 37376K, 20% used [0x00000000c2400000,0x00000000c2b55ee8,0x00000000c4880000)
 Metaspace       used 2761K, capacity 4486K, committed 4864K, reserved 1056768K
  class space    used 281K, capacity 386K, committed 512K, reserved 1048576K
Event: 4582.474 GC heap after
Heap after GC invocations=45767 (full 306):
 PSYoungGen      total 151040K, used 2365K [0x00000000eb700000, 0x00000000f6b00000, 0x0000000100000000)
  eden space 147456K, 0% used [0x00000000eb700000,0x00000000eb700000,0x00000000f4700000)
  from space 3584K, 66% used [0x00000000f4700000,0x00000000f494f658,0x00000000f4a80000)
  to   space 3584K, 0% used [0x00000000f6780000,0x00000000f6780000,0x00000000f6b00000)
 ParOldGen       total 37376K, used 7511K [0x00000000c2400000, 0x00000000c4880000, 0x00000000eb700000)
  object space 37376K, 20% used [0x00000000c2400000,0x00000000c2b55ee8,0x00000000c4880000)
 Metaspace       used 2761K, capacity 4486K, committed 4864K, reserved 1056768K
  class space    used 281K, capacity 386K, committed 512K, reserved 1048576K
}
Event: 4582.686 GC heap before
{Heap before GC invocations=45768 (full 306):
 PSYoungGen      total 151040K, used 147636K [0x00000000eb700000, 0x00000000f6b00000, 0x0000000100000000)
  eden space 147456K, 98% used [0x00000000eb700000,0x00000000f44ddb40,0x00000000f4700000)
  from space 3584K, 66% used [0x00000000f4700000,0x00000000f494f658,0x00000000f4a80000)
  to   space 3584K, 0% used [0x00000000f6780000,0x00000000f6780000,0x00000000f6b00000)
 ParOldGen       total 37376K, used 7511K [0x00000000c2400000, 0x00000000c4880000, 0x00000000eb700000)
  object space 37376K, 20% used [0x00000000c2400000,0x00000000c2b55ee8,0x00000000c4880000)
 Metaspace       used 2761K, capacity 4486K, committed 4864K, reserved 1056768K
  class space    used 281K, capacity 386K, committed 512K, reserved 1048576K
Event: 4582.707 GC heap after
Heap after GC invocations=45768 (full 306):
 PSYoungGen      total 179712K, used 2365K [0x00000000eb700000, 0x00000000f6a00000, 0x0000000100000000)
  eden space 177152K, 0% used [0x00000000eb700000,0x00000000eb700000,0x00000000f6400000)
  from space 2560K, 92% used [0x00000000f6780000,0x00000000f69cf698,0x00000000f6a00000)
  to   space 3072K, 0% used [0x00000000f6400000,0x00000000f6400000,0x00000000f6700000)
 ParOldGen       total 37376K, used 7511K [0x00000000c2400000, 0x00000000c4880000, 0x00000000eb700000)
  object space 37376K, 20% used [0x00000000c2400000,0x00000000c2b55ee8,0x00000000c4880000)
 Metaspace       used 2761K, capacity 4486K, committed 4864K, reserved 1056768K
  class space    used 281K, capacity 386K, committed 512K, reserved 1048576K
}
Event: 4583.408 GC heap before
{Heap before GC invocations=45769 (full 306):
 PSYoungGen      total 179712K, used 178573K [0x00000000eb700000, 0x00000000f6a00000, 0x0000000100000000)
  eden space 177152K, 99% used [0x00000000eb700000,0x00000000f6314088,0x00000000f6400000)
  from space 2560K, 92% used [0x00000000f6780000,0x00000000f69cf698,0x00000000f6a00000)
  to   space 3072K, 0% used [0x00000000f6400000,0x00000000f6400000,0x00000000f6700000)
 ParOldGen       total 37376K, used 7511K [0x00000000c2400000, 0x00000000c4880000, 0x00000000eb700000)
  object space 37376K, 20% used [0x00000000c2400000,0x00000000c2b55ee8,0x00000000c4880000)
 Metaspace       used 2761K, capacity 4486K, committed 4864K, reserved 1056768K
  class space    used 281K, capacity 386K, committed 512K, reserved 1048576K
Event: 4583.410 GC heap after
Heap after GC invocations=45769 (full 306):
 PSYoungGen      total 180224K, used 2365K [0x00000000eb700000, 0x00000000f8d00000, 0x0000000100000000)
  eden space 177152K, 0% used [0x00000000eb700000,0x00000000eb700000,0x00000000f6400000)
  from space 3072K, 77% used [0x00000000f6400000,0x00000000f664f6e0,0x00000000f6700000)
  to   space 3072K, 0% used [0x00000000f8a00000,0x00000000f8a00000,0x00000000f8d00000)
 ParOldGen       total 37376K, used 7511K [0x00000000c2400000, 0x00000000c4880000, 0x00000000eb700000)
  object space 37376K, 20% used [0x00000000c2400000,0x00000000c2b55ee8,0x00000000c4880000)
 Metaspace       used 2761K, capacity 4486K, committed 4864K, reserved 1056768K
  class space    used 281K, capacity 386K, committed 512K, reserved 1048576K
}
Event: 4583.597 GC heap before
{Heap before GC invocations=45770 (full 306):
 PSYoungGen      total 180224K, used 178580K [0x00000000eb700000, 0x00000000f8d00000, 0x0000000100000000)
  eden space 177152K, 99% used [0x00000000eb700000,0x00000000f6315be0,0x00000000f6400000)
  from space 3072K, 77% used [0x00000000f6400000,0x00000000f664f6e0,0x00000000f6700000)
  to   space 3072K, 0% used [0x00000000f8a00000,0x00000000f8a00000,0x00000000f8d00000)
 ParOldGen       total 37376K, used 7511K [0x00000000c2400000, 0x00000000c4880000, 0x00000000eb700000)
  object space 37376K, 20% used [0x00000000c2400000,0x00000000c2b55ee8,0x00000000c4880000)
 Metaspace       used 2761K, capacity 4486K, committed 4864K, reserved 1056768K
  class space    used 281K, capacity 386K, committed 512K, reserved 1048576K
Event: 4583.601 GC heap after
Heap after GC invocations=45770 (full 306):
 PSYoungGen      total 216064K, used 2365K [0x00000000eb700000, 0x00000000f8d00000, 0x0000000100000000)
  eden space 212992K, 0% used [0x00000000eb700000,0x00000000eb700000,0x00000000f8700000)
  from space 3072K, 77% used [0x00000000f8a00000,0x00000000f8c4f730,0x00000000f8d00000)
  to   space 3072K, 0% used [0x00000000f8700000,0x00000000f8700000,0x00000000f8a00000)
 ParOldGen       total 37376K, used 7511K [0x00000000c2400000, 0x00000000c4880000, 0x00000000eb700000)
  object space 37376K, 20% used [0x00000000c2400000,0x00000000c2b55ee8,0x00000000c4880000)
 Metaspace       used 2761K, capacity 4486K, committed 4864K, reserved 1056768K
  class space    used 281K, capacity 386K, committed 512K, reserved 1048576K
}
Event: 4584.459 GC heap before
{Heap before GC invocations=45771 (full 306):
 PSYoungGen      total 216064K, used 214306K [0x00000000eb700000, 0x00000000f8d00000, 0x0000000100000000)
  eden space 212992K, 99% used [0x00000000eb700000,0x00000000f85f9470,0x00000000f8700000)
  from space 3072K, 77% used [0x00000000f8a00000,0x00000000f8c4f730,0x00000000f8d00000)
  to   space 3072K, 0% used [0x00000000f8700000,0x00000000f8700000,0x00000000f8a00000)
 ParOldGen       total 37376K, used 7511K [0x00000000c2400000, 0x00000000c4880000, 0x00000000eb700000)
  object space 37376K, 20% used [0x00000000c2400000,0x00000000c2b55ee8,0x00000000c4880000)
 Metaspace       used 2761K, capacity 4486K, committed 4864K, reserved 1056768K
  class space    used 281K, capacity 386K, committed 512K, reserved 1048576K

Deoptimization events (0 events):
No events

Classes redefined (0 events):
No events

Internal exceptions (2 events):
Event: 0.114 Thread 0x00007f226c00b800 Exception <a 'java/lang/NoSuchMethodError': Method sun.misc.Unsafe.defineClass(Ljava/lang/String;[BII)Ljava/lang/Class; name or signature does not match> (0x00000000eb707cc0) thrown at [/build/openjdk-8-jsjOeo/openjdk-8-8u265-b01/src/hotspot/src/share/vm/
Event: 0.114 Thread 0x00007f226c00b800 Exception <a 'java/lang/NoSuchMethodError': Method sun.misc.Unsafe.prefetchRead(Ljava/lang/Object;J)V name or signature does not match> (0x00000000eb707fa8) thrown at [/build/openjdk-8-jsjOeo/openjdk-8-8u265-b01/src/hotspot/src/share/vm/prims/jni.cpp, lin

Events (10 events):
Event: 4581.826 Executing VM operation: ParallelGCFailedAllocation done
Event: 4582.345 Executing VM operation: ParallelGCFailedAllocation
Event: 4582.474 Executing VM operation: ParallelGCFailedAllocation done
Event: 4582.686 Executing VM operation: ParallelGCFailedAllocation
Event: 4582.707 Executing VM operation: ParallelGCFailedAllocation done
Event: 4583.203 Executing VM operation: ParallelGCFailedAllocation
Event: 4583.410 Executing VM operation: ParallelGCFailedAllocation done
Event: 4583.597 Executing VM operation: ParallelGCFailedAllocation
Event: 4583.601 Executing VM operation: ParallelGCFailedAllocation done
Event: 4584.459 Executing VM operation: ParallelGCFailedAllocation


Dynamic libraries:
c2400000-c4880000 rw-p 00000000 00:00 0 
c4880000-eb700000 ---p 00000000 00:00 0 
eb700000-f8d00000 rw-p 00000000 00:00 0 
fb700000-100000000 ---p 00000000 00:00 0 
100000000-100080000 rw-p 00000000 00:00 0 
100080000-140000000 ---p 00000000 00:00 0 
5604e5fc1000-5604e5fc2000 r-xp 00000000 ca:01 3339417                    /usr/lib/jvm/java-8-openjdk-amd64/jre/bin/java
5604e61c1000-5604e61c2000 r--p 00000000 ca:01 3339417                    /usr/lib/jvm/java-8-openjdk-amd64/jre/bin/java
5604e61c2000-5604e61c3000 rw-p 00001000 ca:01 3339417                    /usr/lib/jvm/java-8-openjdk-amd64/jre/bin/java
5604e73b4000-5604e73d5000 rw-p 00000000 00:00 0                          [heap]
7f222c000000-7f222c021000 rw-p 00000000 00:00 0 
7f222c021000-7f2230000000 ---p 00000000 00:00 0 
7f2234000000-7f2234088000 rw-p 00000000 00:00 0 
7f2234088000-7f2238000000 ---p 00000000 00:00 0 
7f2238000000-7f2238021000 rw-p 00000000 00:00 0 
7f2238021000-7f223c000000 ---p 00000000 00:00 0 
7f223c000000-7f223c021000 rw-p 00000000 00:00 0 
7f223c021000-7f2240000000 ---p 00000000 00:00 0 
7f2240000000-7f2240268000 rw-p 00000000 00:00 0 
7f2240268000-7f2244000000 ---p 00000000 00:00 0 
7f2244000000-7f2244021000 rw-p 00000000 00:00 0 
7f2244021000-7f2248000000 ---p 00000000 00:00 0 
7f2248000000-7f2248021000 rw-p 00000000 00:00 0 
7f2248021000-7f224c000000 ---p 00000000 00:00 0 
7f224c000000-7f224c021000 rw-p 00000000 00:00 0 
7f224c021000-7f2250000000 ---p 00000000 00:00 0 
7f2250000000-7f2250021000 rw-p 00000000 00:00 0 
7f2250021000-7f2254000000 ---p 00000000 00:00 0 
7f2254000000-7f2254021000 rw-p 00000000 00:00 0 
7f2254021000-7f2258000000 ---p 00000000 00:00 0 
7f2259e19000-7f2259e4a000 rw-p 00000000 00:00 0 
7f2259e4a000-7f2259e61000 r-xp 00000000 ca:01 3339459                    /usr/lib/jvm/java-8-openjdk-amd64/jre/lib/amd64/libnet.so
7f2259e61000-7f225a061000 ---p 00017000 ca:01 3339459                    /usr/lib/jvm/java-8-openjdk-amd64/jre/lib/amd64/libnet.so
7f225a061000-7f225a062000 r--p 00017000 ca:01 3339459                    /usr/lib/jvm/java-8-openjdk-amd64/jre/lib/amd64/libnet.so
7f225a062000-7f225a063000 rw-p 00018000 ca:01 3339459                    /usr/lib/jvm/java-8-openjdk-amd64/jre/lib/amd64/libnet.so
7f225a063000-7f225a075000 r-xp 00000000 ca:01 3339460                    /usr/lib/jvm/java-8-openjdk-amd64/jre/lib/amd64/libnio.so
7f225a075000-7f225a274000 ---p 00012000 ca:01 3339460                    /usr/lib/jvm/java-8-openjdk-amd64/jre/lib/amd64/libnio.so
7f225a274000-7f225a275000 r--p 00011000 ca:01 3339460                    /usr/lib/jvm/java-8-openjdk-amd64/jre/lib/amd64/libnio.so
7f225a275000-7f225a276000 rw-p 00012000 ca:01 3339460                    /usr/lib/jvm/java-8-openjdk-amd64/jre/lib/amd64/libnio.so
7f225a276000-7f225a27b000 r--s 002f9000 ca:01 3339475                    /usr/lib/jvm/java-8-openjdk-amd64/jre/lib/charsets.jar
7f225a27b000-7f225a27c000 ---p 00000000 00:00 0 
7f225a27c000-7f225a37c000 rw-p 00000000 00:00 0 
7f225a37c000-7f225a37f000 ---p 00000000 00:00 0 
7f225a37f000-7f225a47d000 rw-p 00000000 00:00 0 
7f225a47d000-7f225a480000 ---p 00000000 00:00 0 
7f225a480000-7f225a57e000 rw-p 00000000 00:00 0 
7f225a57e000-7f225a581000 ---p 00000000 00:00 0 
7f225a581000-7f225a67f000 rw-p 00000000 00:00 0 
7f225a67f000-7f225a682000 ---p 00000000 00:00 0 
7f225a682000-7f225a780000 rw-p 00000000 00:00 0 
7f225a780000-7f225a918000 r--p 00000000 ca:01 2327788                    /usr/lib/locale/locale-archive
7f225a918000-7f225a91b000 ---p 00000000 00:00 0 
7f225a91b000-7f225aa19000 rw-p 00000000 00:00 0 
7f225aa19000-7f225aa1c000 ---p 00000000 00:00 0 
7f225aa1c000-7f225ab1a000 rw-p 00000000 00:00 0 
7f225ab1a000-7f225ab1b000 ---p 00000000 00:00 0 
7f225ab1b000-7f225d000000 rw-p 00000000 00:00 0 
7f225d000000-7f225d270000 rwxp 00000000 00:00 0 
7f225d270000-7f226c000000 ---p 00000000 00:00 0 
7f226c000000-7f226c16a000 rw-p 00000000 00:00 0 
7f226c16a000-7f2270000000 ---p 00000000 00:00 0 
7f2270003000-7f2270005000 r--s 00016000 ca:01 3339509                    /usr/lib/jvm/java-8-openjdk-amd64/jre/lib/jce.jar
7f2270005000-7f227000a000 r--s 000a7000 ca:01 3339511                    /usr/lib/jvm/java-8-openjdk-amd64/jre/lib/jsse.jar
7f227000a000-7f227001d000 r--s 00346000 ca:01 3339524                    /usr/lib/jvm/java-8-openjdk-amd64/jre/lib/resources.jar
7f227001d000-7f227001f000 r--s 00001000 ca:01 3339487                    /usr/lib/jvm/java-8-openjdk-amd64/jre/lib/ext/dnsns.jar
7f227001f000-7f2270025000 r--s 0003d000 ca:01 3339493                    /usr/lib/jvm/java-8-openjdk-amd64/jre/lib/ext/sunjce_provider.jar
7f2270025000-7f2270040000 r--s 001d6000 ca:01 3339491                    /usr/lib/jvm/java-8-openjdk-amd64/jre/lib/ext/nashorn.jar
7f2270040000-7f227004a000 r--s 00117000 ca:01 3339490                    /usr/lib/jvm/java-8-openjdk-amd64/jre/lib/ext/localedata.jar
7f227004a000-7f2270065000 r--s 00394000 ca:01 3339486                    /usr/lib/jvm/java-8-openjdk-amd64/jre/lib/ext/cldrdata.jar
7f2270065000-7f22704cc000 rw-p 00000000 00:00 0 
7f22704cc000-7f227069e000 r--s 03ca8000 ca:01 3339525                    /usr/lib/jvm/java-8-openjdk-amd64/jre/lib/rt.jar
7f227069e000-7f2270b54000 rw-p 00000000 00:00 0 
7f2270b54000-7f2270f14000 ---p 00000000 00:00 0 
7f2270f14000-7f2271102000 rw-p 00000000 00:00 0 
7f2271102000-7f2271103000 ---p 00000000 00:00 0 
7f2271103000-7f2271203000 rw-p 00000000 00:00 0 
7f2271203000-7f2271204000 ---p 00000000 00:00 0 
7f2271204000-7f2271317000 rw-p 00000000 00:00 0 
7f2271317000-7f227144e000 ---p 00000000 00:00 0 
7f227144e000-7f2271461000 rw-p 00000000 00:00 0 
7f2271461000-7f2271597000 ---p 00000000 00:00 0 
7f2271597000-7f2271603000 rw-p 00000000 00:00 0 
7f2271603000-7f227163c000 ---p 00000000 00:00 0 
7f227163c000-7f2271647000 rw-p 00000000 00:00 0 
7f2271647000-7f22719fd000 ---p 00000000 00:00 0 
7f22719fd000-7f2271a05000 r-xp 00000000 ca:01 3339468                    /usr/lib/jvm/java-8-openjdk-amd64/jre/lib/amd64/libzip.so
7f2271a05000-7f2271c04000 ---p 00008000 ca:01 3339468                    /usr/lib/jvm/java-8-openjdk-amd64/jre/lib/amd64/libzip.so
7f2271c04000-7f2271c05000 r--p 00007000 ca:01 3339468                    /usr/lib/jvm/java-8-openjdk-amd64/jre/lib/amd64/libzip.so
7f2271c05000-7f2271c06000 rw-p 00008000 ca:01 3339468                    /usr/lib/jvm/java-8-openjdk-amd64/jre/lib/amd64/libzip.so
7f2271c06000-7f2271c11000 r-xp 00000000 ca:01 2065680                    /lib/x86_64-linux-gnu/libnss_files-2.23.so
7f2271c11000-7f2271e10000 ---p 0000b000 ca:01 2065680                    /lib/x86_64-linux-gnu/libnss_files-2.23.so
7f2271e10000-7f2271e11000 r--p 0000a000 ca:01 2065680                    /lib/x86_64-linux-gnu/libnss_files-2.23.so
7f2271e11000-7f2271e12000 rw-p 0000b000 ca:01 2065680                    /lib/x86_64-linux-gnu/libnss_files-2.23.so
7f2271e12000-7f2271e18000 rw-p 00000000 00:00 0 
7f2271e18000-7f2271e23000 r-xp 00000000 ca:01 2065684                    /lib/x86_64-linux-gnu/libnss_nis-2.23.so
7f2271e23000-7f2272022000 ---p 0000b000 ca:01 2065684                    /lib/x86_64-linux-gnu/libnss_nis-2.23.so
7f2272022000-7f2272023000 r--p 0000a000 ca:01 2065684                    /lib/x86_64-linux-gnu/libnss_nis-2.23.so
7f2272023000-7f2272024000 rw-p 0000b000 ca:01 2065684                    /lib/x86_64-linux-gnu/libnss_nis-2.23.so
7f2272024000-7f227203a000 r-xp 00000000 ca:01 2065674                    /lib/x86_64-linux-gnu/libnsl-2.23.so
7f227203a000-7f2272239000 ---p 00016000 ca:01 2065674                    /lib/x86_64-linux-gnu/libnsl-2.23.so
7f2272239000-7f227223a000 r--p 00015000 ca:01 2065674                    /lib/x86_64-linux-gnu/libnsl-2.23.so
7f227223a000-7f227223b000 rw-p 00016000 ca:01 2065674                    /lib/x86_64-linux-gnu/libnsl-2.23.so
7f227223b000-7f227223d000 rw-p 00000000 00:00 0 
7f227223d000-7f2272245000 r-xp 00000000 ca:01 2065676                    /lib/x86_64-linux-gnu/libnss_compat-2.23.so
7f2272245000-7f2272444000 ---p 00008000 ca:01 2065676                    /lib/x86_64-linux-gnu/libnss_compat-2.23.so
7f2272444000-7f2272445000 r--p 00007000 ca:01 2065676                    /lib/x86_64-linux-gnu/libnss_compat-2.23.so
7f2272445000-7f2272446000 rw-p 00008000 ca:01 2065676                    /lib/x86_64-linux-gnu/libnss_compat-2.23.so
7f2272446000-7f227246f000 r-xp 00000000 ca:01 3339447                    /usr/lib/jvm/java-8-openjdk-amd64/jre/lib/amd64/libjava.so
7f227246f000-7f227266f000 ---p 00029000 ca:01 3339447                    /usr/lib/jvm/java-8-openjdk-amd64/jre/lib/amd64/libjava.so
7f227266f000-7f2272670000 r--p 00029000 ca:01 3339447                    /usr/lib/jvm/java-8-openjdk-amd64/jre/lib/amd64/libjava.so
7f2272670000-7f2272672000 rw-p 0002a000 ca:01 3339447                    /usr/lib/jvm/java-8-openjdk-amd64/jre/lib/amd64/libjava.so
7f2272672000-7f2272681000 r-xp 00000000 ca:01 3339467                    /usr/lib/jvm/java-8-openjdk-amd64/jre/lib/amd64/libverify.so
7f2272681000-7f2272880000 ---p 0000f000 ca:01 3339467                    /usr/lib/jvm/java-8-openjdk-amd64/jre/lib/amd64/libverify.so
7f2272880000-7f2272882000 r--p 0000e000 ca:01 3339467                    /usr/lib/jvm/java-8-openjdk-amd64/jre/lib/amd64/libverify.so
7f2272882000-7f2272883000 rw-p 00010000 ca:01 3339467                    /usr/lib/jvm/java-8-openjdk-amd64/jre/lib/amd64/libverify.so
7f2272883000-7f227288a000 r-xp 00000000 ca:01 2065699                    /lib/x86_64-linux-gnu/librt-2.23.so
7f227288a000-7f2272a89000 ---p 00007000 ca:01 2065699                    /lib/x86_64-linux-gnu/librt-2.23.so
7f2272a89000-7f2272a8a000 r--p 00006000 ca:01 2065699                    /lib/x86_64-linux-gnu/librt-2.23.so
7f2272a8a000-7f2272a8b000 rw-p 00007000 ca:01 2065699                    /lib/x86_64-linux-gnu/librt-2.23.so
7f2272a8b000-7f2272aa1000 r-xp 00000000 ca:01 257264                     /lib/x86_64-linux-gnu/libgcc_s.so.1
7f2272aa1000-7f2272ca0000 ---p 00016000 ca:01 257264                     /lib/x86_64-linux-gnu/libgcc_s.so.1
7f2272ca0000-7f2272ca1000 rw-p 00015000 ca:01 257264                     /lib/x86_64-linux-gnu/libgcc_s.so.1
7f2272ca1000-7f2272da9000 r-xp 00000000 ca:01 2065667                    /lib/x86_64-linux-gnu/libm-2.23.so
7f2272da9000-7f2272fa8000 ---p 00108000 ca:01 2065667                    /lib/x86_64-linux-gnu/libm-2.23.so
7f2272fa8000-7f2272fa9000 r--p 00107000 ca:01 2065667                    /lib/x86_64-linux-gnu/libm-2.23.so
7f2272fa9000-7f2272faa000 rw-p 00108000 ca:01 2065667                    /lib/x86_64-linux-gnu/libm-2.23.so
7f2272faa000-7f227311c000 r-xp 00000000 ca:01 3346102                    /usr/lib/x86_64-linux-gnu/libstdc++.so.6.0.21
7f227311c000-7f227331c000 ---p 00172000 ca:01 3346102                    /usr/lib/x86_64-linux-gnu/libstdc++.so.6.0.21
7f227331c000-7f2273326000 r--p 00172000 ca:01 3346102                    /usr/lib/x86_64-linux-gnu/libstdc++.so.6.0.21
7f2273326000-7f2273328000 rw-p 0017c000 ca:01 3346102                    /usr/lib/x86_64-linux-gnu/libstdc++.so.6.0.21
7f2273328000-7f227332c000 rw-p 00000000 00:00 0 
7f227332c000-7f2273f97000 r-xp 00000000 ca:01 3339473                    /usr/lib/jvm/java-8-openjdk-amd64/jre/lib/amd64/server/libjvm.so
7f2273f97000-7f2274196000 ---p 00c6b000 ca:01 3339473                    /usr/lib/jvm/java-8-openjdk-amd64/jre/lib/amd64/server/libjvm.so
7f2274196000-7f227422b000 r--p 00c6a000 ca:01 3339473                    /usr/lib/jvm/java-8-openjdk-amd64/jre/lib/amd64/server/libjvm.so
7f227422b000-7f2274254000 rw-p 00cff000 ca:01 3339473                    /usr/lib/jvm/java-8-openjdk-amd64/jre/lib/amd64/server/libjvm.so
7f2274254000-7f2274284000 rw-p 00000000 00:00 0 
7f2274284000-7f227429c000 r-xp 00000000 ca:01 2065695                    /lib/x86_64-linux-gnu/libpthread-2.23.so
7f227429c000-7f227449b000 ---p 00018000 ca:01 2065695                    /lib/x86_64-linux-gnu/libpthread-2.23.so
7f227449b000-7f227449c000 r--p 00017000 ca:01 2065695                    /lib/x86_64-linux-gnu/libpthread-2.23.so
7f227449c000-7f227449d000 rw-p 00018000 ca:01 2065695                    /lib/x86_64-linux-gnu/libpthread-2.23.so
7f227449d000-7f22744a1000 rw-p 00000000 00:00 0 
7f22744a1000-7f22744a4000 r-xp 00000000 ca:01 2065645                    /lib/x86_64-linux-gnu/libdl-2.23.so
7f22744a4000-7f22746a3000 ---p 00003000 ca:01 2065645                    /lib/x86_64-linux-gnu/libdl-2.23.so
7f22746a3000-7f22746a4000 r--p 00002000 ca:01 2065645                    /lib/x86_64-linux-gnu/libdl-2.23.so
7f22746a4000-7f22746a5000 rw-p 00003000 ca:01 2065645                    /lib/x86_64-linux-gnu/libdl-2.23.so
7f22746a5000-7f22746be000 r-xp 00000000 ca:01 2065720                    /lib/x86_64-linux-gnu/libz.so.1.2.8
7f22746be000-7f22748bd000 ---p 00019000 ca:01 2065720                    /lib/x86_64-linux-gnu/libz.so.1.2.8
7f22748bd000-7f22748be000 r--p 00018000 ca:01 2065720                    /lib/x86_64-linux-gnu/libz.so.1.2.8
7f22748be000-7f22748bf000 rw-p 00019000 ca:01 2065720                    /lib/x86_64-linux-gnu/libz.so.1.2.8
7f22748bf000-7f2274a7f000 r-xp 00000000 ca:01 2065634                    /lib/x86_64-linux-gnu/libc-2.23.so
7f2274a7f000-7f2274c7f000 ---p 001c0000 ca:01 2065634                    /lib/x86_64-linux-gnu/libc-2.23.so
7f2274c7f000-7f2274c83000 r--p 001c0000 ca:01 2065634                    /lib/x86_64-linux-gnu/libc-2.23.so
7f2274c83000-7f2274c85000 rw-p 001c4000 ca:01 2065634                    /lib/x86_64-linux-gnu/libc-2.23.so
7f2274c85000-7f2274c89000 rw-p 00000000 00:00 0 
7f2274c89000-7f2274c97000 r-xp 00000000 ca:01 3339431                    /usr/lib/jvm/java-8-openjdk-amd64/jre/lib/amd64/jli/libjli.so
7f2274c97000-7f2274e96000 ---p 0000e000 ca:01 3339431                    /usr/lib/jvm/java-8-openjdk-amd64/jre/lib/amd64/jli/libjli.so
7f2274e96000-7f2274e97000 r--p 0000d000 ca:01 3339431                    /usr/lib/jvm/java-8-openjdk-amd64/jre/lib/amd64/jli/libjli.so
7f2274e97000-7f2274e98000 rw-p 0000e000 ca:01 3339431                    /usr/lib/jvm/java-8-openjdk-amd64/jre/lib/amd64/jli/libjli.so
7f2274e98000-7f2274ebe000 r-xp 00000000 ca:01 2065618                    /lib/x86_64-linux-gnu/ld-2.23.so
7f2274ebe000-7f2274ebf000 r--s 0000a000 ca:01 3339489                    /usr/lib/jvm/java-8-openjdk-amd64/jre/lib/ext/jaccess.jar
7f2274ebf000-7f2274ec2000 r--s 0000f000 ca:01 3339488                    /usr/lib/jvm/java-8-openjdk-amd64/jre/lib/ext/icedtea-sound.jar
7f2274ec2000-7f2274ec3000 r--s 0000d000 ca:01 3339492                    /usr/lib/jvm/java-8-openjdk-amd64/jre/lib/ext/sunec.jar
7f2274ec3000-7f2274ec7000 r--s 0003a000 ca:01 3339494                    /usr/lib/jvm/java-8-openjdk-amd64/jre/lib/ext/sunpkcs11.jar
7f2274ec7000-7f2274fac000 rw-p 00000000 00:00 0 
7f2274fac000-7f2274faf000 ---p 00000000 00:00 0 
7f2274faf000-7f22750b1000 rw-p 00000000 00:00 0 
7f22750b1000-7f22750b2000 r--s 00010000 ca:01 3339495                    /usr/lib/jvm/java-8-openjdk-amd64/jre/lib/ext/zipfs.jar
7f22750b2000-7f22750ba000 rw-s 00000000 ca:01 281774                     /tmp/hsperfdata_root/1548
7f22750ba000-7f22750bb000 rw-p 00000000 00:00 0 
7f22750bb000-7f22750bc000 ---p 00000000 00:00 0 
7f22750bc000-7f22750bd000 rw-p 00000000 00:00 0 
7f22750bd000-7f22750be000 r--p 00025000 ca:01 2065618                    /lib/x86_64-linux-gnu/ld-2.23.so
7f22750be000-7f22750bf000 rw-p 00026000 ca:01 2065618                    /lib/x86_64-linux-gnu/ld-2.23.so
7f22750bf000-7f22750c0000 rw-p 00000000 00:00 0 
7ffff7b7d000-7ffff7b9e000 rw-p 00000000 00:00 0                          [stack]
7ffff7bab000-7ffff7bad000 r--p 00000000 00:00 0                          [vvar]
7ffff7bad000-7ffff7baf000 r-xp 00000000 00:00 0                          [vdso]
ffffffffff600000-ffffffffff601000 r-xp 00000000 00:00 0                  [vsyscall]

VM Arguments:
jvm_args: -Dfile.encoding=UTF-8 
java_command: _01_Bit_Shifting.BitShifter
java_class_path (initial): /usr/lib/jvm/java-8-openjdk-amd64/jre/lib/resources.jar:/usr/lib/jvm/java-8-openjdk-amd64/jre/lib/rt.jar:/usr/lib/jvm/java-8-openjdk-amd64/jre/lib/jsse.jar:/usr/lib/jvm/java-8-openjdk-amd64/jre/lib/jce.jar:/usr/lib/jvm/java-8-openjdk-amd64/jre/lib/charsets.jar:/usr/lib/jvm/java-8-openjdk-amd64/jre/lib/ext/zipfs.jar:/usr/lib/jvm/java-8-openjdk-amd64/jre/lib/ext/sunpkcs11.jar:/usr/lib/jvm/java-8-openjdk-amd64/jre/lib/ext/cldrdata.jar:/usr/lib/jvm/java-8-openjdk-amd64/jre/lib/ext/sunec.jar:/usr/lib/jvm/java-8-openjdk-amd64/jre/lib/ext/localedata.jar:/usr/lib/jvm/java-8-openjdk-amd64/jre/lib/ext/nashorn.jar:/usr/lib/jvm/java-8-openjdk-amd64/jre/lib/ext/sunjce_provider.jar:/usr/lib/jvm/java-8-openjdk-amd64/jre/lib/ext/icedtea-sound.jar:/usr/lib/jvm/java-8-openjdk-amd64/jre/lib/ext/dnsns.jar:/usr/lib/jvm/java-8-openjdk-amd64/jre/lib/ext/jaccess.jar:/root/git/level5-04-bitwise-operations-CookieDoughYum/bin:/headless/eclipse/plugins/org.junit.jupiter.api_5.0.0.v20170910-2246.jar:/headless/eclipse/plugins/org.junit.jupiter.engine_5.0.0.v20170910-2246.jar:/headless/eclipse/plugins/org.junit.jupiter.migrationsupport_5.0.0.v20170910-2246.jar:/headless/eclipse/plugins/org.junit.jupiter.params_5.0.0.v20170910-2246.jar:/headless/eclipse/plugins/org.junit.platform.commons_1.0.0.v20170910-2246.jar:/headless/eclipse/plugins/org.junit.platform.engine_1.0.0.v20170910-2246.jar:/headless/eclipse/plugins/org.junit.platform.launcher_1.0.0.v20170910-2246.jar:/headless/eclipse/plugins/org.junit.platform.runner_1.0.0.v20170910-2246.jar:/headless/eclipse/plugins/org.junit.platform.suite.api_1.0.0.v20170910-2246.jar:/headless/eclipse/plugins/org.junit.vintage.engine_4.12.0.v20170910-2246.jar:/headless/eclipse/plugins/org.opentest4j_1.0.0.v20170910-2246.jar:/headless/eclipse/plugins/org.apiguardian_1.0.0.v20170910-2246.jar:/headless/eclipse/plugins/org.junit_4.12.0.v201504281640/junit.jar:/headless/eclipse/plugins/org.hamcrest.core_1.3.0.v201303031735.jar
Launcher Type: SUN_STANDARD

Environment Variables:
PATH=/usr/local/sbin:/usr/local/bin:/usr/sbin:/usr/bin:/sbin:/bin
DISPLAY=:1.0

Signal Handlers:
SIGSEGV: [libjvm.so+0xa791d0], sa_mask[0]=11111111011111111101111111111110, sa_flags=SA_RESTART|SA_SIGINFO
SIGBUS: [libjvm.so+0xa791d0], sa_mask[0]=11111111011111111101111111111110, sa_flags=SA_RESTART|SA_SIGINFO
SIGFPE: [libjvm.so+0x8bd050], sa_mask[0]=11111111011111111101111111111110, sa_flags=SA_RESTART|SA_SIGINFO
SIGPIPE: [libjvm.so+0x8bd050], sa_mask[0]=11111111011111111101111111111110, sa_flags=SA_RESTART|SA_SIGINFO
SIGXFSZ: [libjvm.so+0x8bd050], sa_mask[0]=11111111011111111101111111111110, sa_flags=SA_RESTART|SA_SIGINFO
SIGILL: [libjvm.so+0x8bd050], sa_mask[0]=11111111011111111101111111111110, sa_flags=SA_RESTART|SA_SIGINFO
SIGUSR1: SIG_DFL, sa_mask[0]=00000000000000000000000000000000, sa_flags=none
SIGUSR2: [libjvm.so+0x8bcf00], sa_mask[0]=00100000000000000000000000000000, sa_flags=SA_RESTART|SA_SIGINFO
SIGHUP: [libjvm.so+0x8bd590], sa_mask[0]=11111111011111111101111111111110, sa_flags=SA_RESTART|SA_SIGINFO
SIGINT: [libjvm.so+0x8bd590], sa_mask[0]=11111111011111111101111111111110, sa_flags=SA_RESTART|SA_SIGINFO
SIGTERM: [libjvm.so+0x8bd590], sa_mask[0]=11111111011111111101111111111110, sa_flags=SA_RESTART|SA_SIGINFO
SIGQUIT: [libjvm.so+0x8bd590], sa_mask[0]=11111111011111111101111111111110, sa_flags=SA_RESTART|SA_SIGINFO


---------------  S Y S T E M  ---------------

OS:DISTRIB_ID=Ubuntu
DISTRIB_RELEASE=16.04
DISTRIB_CODENAME=xenial
DISTRIB_DESCRIPTION="Ubuntu 16.04.7 LTS"

uname:Linux 4.4.0-1128-aws #142-Ubuntu SMP Fri Apr 16 12:42:33 UTC 2021 x86_64
libc:glibc 2.23 NPTL 2.23 
rlimit: STACK 8192k, CORE infinity, NPROC infinity, NOFILE 1048576, AS infinity
load average:39.72 23.60 19.42

/proc/meminfo:
MemTotal:        4045084 kB
MemFree:          267028 kB
MemAvailable:     182444 kB
Buffers:            1568 kB
Cached:            84476 kB
SwapCached:            0 kB
Active:          3556972 kB
Inactive:          80104 kB
Active(anon):    3555128 kB
Inactive(anon):    38956 kB
Active(file):       1844 kB
Inactive(file):    41148 kB
Unevictable:        3652 kB
Mlocked:            3652 kB
SwapTotal:             0 kB
SwapFree:              0 kB
Dirty:               172 kB
Writeback:             0 kB
AnonPages:       3554912 kB
Mapped:            68368 kB
Shmem:             40404 kB
Slab:              62268 kB
SReclaimable:      23088 kB
SUnreclaim:        39180 kB
KernelStack:       10704 kB
PageTables:        26392 kB
NFS_Unstable:          0 kB
Bounce:                0 kB
WritebackTmp:          0 kB
CommitLimit:     2022540 kB
Committed_AS:    6020956 kB
VmallocTotal:   34359738367 kB
VmallocUsed:           0 kB
VmallocChunk:          0 kB
HardwareCorrupted:     0 kB
AnonHugePages:         0 kB
CmaTotal:              0 kB
CmaFree:               0 kB
HugePages_Total:       0
HugePages_Free:        0
HugePages_Rsvd:        0
HugePages_Surp:        0
Hugepagesize:       2048 kB
DirectMap4k:       77824 kB
DirectMap2M:     4116480 kB

container (cgroup) information:
container_type: cgroupv1
cpu_cpuset_cpus: 0-1
cpu_memory_nodes: 0
active_processor_count: 2
cpu_quota: -1
cpu_period: 100000
cpu_shares: -1
memory_limit_in_bytes: -1
memory_and_swap_limit_in_bytes: -2
memory_soft_limit_in_bytes: -1
memory_usage_in_bytes: 3599880192
memory_max_usage_in_bytes: 3789897728


CPU:total 2 (initial active 2) (2 cores per cpu, 1 threads per core) family 6 model 63 stepping 2, cmov, cx8, fxsr, mmx, sse, sse2, sse3, ssse3, sse4.1, sse4.2, popcnt, avx, avx2, aes, clmul, erms, lzcnt, tsc, bmi1, bmi2

/proc/cpuinfo:
processor	: 0
vendor_id	: GenuineIntel
cpu family	: 6
model		: 63
model name	: Intel(R) Xeon(R) CPU E5-2676 v3 @ 2.40GHz
stepping	: 2
microcode	: 0x44
cpu MHz		: 2400.058
cache size	: 30720 KB
physical id	: 0
siblings	: 2
core id		: 0
cpu cores	: 2
apicid		: 0
initial apicid	: 0
fpu		: yes
fpu_exception	: yes
cpuid level	: 13
wp		: yes
flags		: fpu vme de pse tsc msr pae mce cx8 apic sep mtrr pge mca cmov pat pse36 clflush mmx fxsr sse sse2 ht syscall nx rdtscp lm constant_tsc rep_good nopl xtopology pni pclmulqdq ssse3 fma cx16 pcid sse4_1 sse4_2 x2apic movbe popcnt tsc_deadline_timer aes xsave avx f16c rdrand hypervisor lahf_lm abm invpcid_single kaiser fsgsbase bmi1 avx2 smep bmi2 erms invpcid xsaveopt
bugs		: cpu_meltdown spectre_v1 spectre_v2 spec_store_bypass l1tf mds swapgs itlb_multihit
bogomips	: 4800.11
clflush size	: 64
cache_alignment	: 64
address sizes	: 46 bits physical, 48 bits virtual
power management:

processor	: 1
vendor_id	: GenuineIntel
cpu family	: 6
model		: 63
model name	: Intel(R) Xeon(R) CPU E5-2676 v3 @ 2.40GHz
stepping	: 2
microcode	: 0x44
cpu MHz		: 2400.058
cache size	: 30720 KB
physical id	: 0
siblings	: 2
core id		: 1
cpu cores	: 2
apicid		: 2
initial apicid	: 2
fpu		: yes
fpu_exception	: yes
cpuid level	: 13
wp		: yes
flags		: fpu vme de pse tsc msr pae mce cx8 apic sep mtrr pge mca cmov pat pse36 clflush mmx fxsr sse sse2 ht syscall nx rdtscp lm constant_tsc rep_good nopl xtopology pni pclmulqdq ssse3 fma cx16 pcid sse4_1 sse4_2 x2apic movbe popcnt tsc_deadline_timer aes xsave avx f16c rdrand hypervisor lahf_lm abm invpcid_single kaiser fsgsbase bmi1 avx2 smep bmi2 erms invpcid xsaveopt
bugs		: cpu_meltdown spectre_v1 spectre_v2 spec_store_bypass l1tf mds swapgs itlb_multihit
bogomips	: 4800.11
clflush size	: 64
cache_alignment	: 64
address sizes	: 46 bits physical, 48 bits virtual
power management:



Memory: 4k page, physical 4045084k(266656k free), swap 0k(0k free)

vm_info: OpenJDK 64-Bit Server VM (25.265-b01) for linux-amd64 JRE (1.8.0_265-8u265-b01-0ubuntu2~16.04-b01), built on Aug  3 2020 01:38:05 by "buildd" with gcc 5.4.0 20160609

time: Mon Jul 19 23:59:28 2021
timezone: UTC
elapsed time: 4586 seconds (0d 1h 16m 26s)

