#
# There is insufficient memory for the Java Runtime Environment to continue.
# Native memory allocation (mmap) failed to map 48758784 bytes for committing reserved memory.
# Possible reasons:
#   The system is out of physical RAM or swap space
#   The process is running with CompressedOops enabled, and the Java Heap may be blocking the growth of the native heap
# Possible solutions:
#   Reduce memory load on the system
#   Increase physical memory or swap space
#   Check if swap backing store is full
#   Decrease Java heap size (-Xmx/-Xms)
#   Decrease number of Java threads
#   Decrease Java thread stack sizes (-Xss)
#   Set larger code cache with -XX:ReservedCodeCacheSize=
#   JVM is running with Unscaled Compressed Oops mode in which the Java heap is
#     placed in the first 4GB address space. The Java Heap base address is the
#     maximum limit for the native heap growth. Please use -XX:HeapBaseMinAddress
#     to set the Java Heap base and to place the Java Heap above 4GB virtual address.
# This output file may be truncated or incomplete.
#
#  Out of Memory Error (os_linux.cpp:2792), pid=1517, tid=0x00007f2cf22d7700
#
# JRE version: OpenJDK Runtime Environment (8.0_265-b01) (build 1.8.0_265-8u265-b01-0ubuntu2~16.04-b01)
# Java VM: OpenJDK 64-Bit Server VM (25.265-b01 mixed mode linux-amd64 compressed oops)
# Core dump written. Default location: /root/git/level5-04-bitwise-operations-CookieDoughYum/core or core.1517
#

---------------  T H R E A D  ---------------

Current thread (0x00007f2d04075000):  VMThread [stack: 0x00007f2cf21d7000,0x00007f2cf22d8000] [id=1527]

Stack: [0x00007f2cf21d7000,0x00007f2cf22d8000],  sp=0x00007f2cf22d63c0,  free space=1020k
Native frames: (J=compiled Java code, j=interpreted, Vv=VM code, C=native code)
V  [libjvm.so+0xa7866b]
V  [libjvm.so+0x4ccadc]
V  [libjvm.so+0x8c2178]
V  [libjvm.so+0x8b962e]
V  [libjvm.so+0x93ad76]
V  [libjvm.so+0x93c0a3]
V  [libjvm.so+0x9384a4]
V  [libjvm.so+0x93873c]
V  [libjvm.so+0x8ea0f3]
V  [libjvm.so+0xa7a3a2]
V  [libjvm.so+0xa7eca7]
V  [libjvm.so+0xa7cc73]
V  [libjvm.so+0xa7d745]
V  [libjvm.so+0xa7dd12]
V  [libjvm.so+0x8bf342]

VM_Operation (0x00007f2d0c722830): ParallelGCFailedAllocation, mode: safepoint, requested by thread 0x00007f2d0400b800


---------------  P R O C E S S  ---------------

Java Threads: ( => current thread )
  0x00007f2d040ba800 JavaThread "Service Thread" daemon [_thread_blocked, id=1533, stack(0x00007f2cf1a39000,0x00007f2cf1b3a000)]
  0x00007f2d040b8000 JavaThread "C1 CompilerThread1" daemon [_thread_blocked, id=1532, stack(0x00007f2cf1b3a000,0x00007f2cf1c3b000)]
  0x00007f2d040b5000 JavaThread "C2 CompilerThread0" daemon [_thread_blocked, id=1531, stack(0x00007f2cf1c3b000,0x00007f2cf1d3c000)]
  0x00007f2d040b3800 JavaThread "Signal Dispatcher" daemon [_thread_blocked, id=1530, stack(0x00007f2cf1d3c000,0x00007f2cf1e3d000)]
  0x00007f2d04083800 JavaThread "Finalizer" daemon [_thread_blocked, id=1529, stack(0x00007f2cf1fd5000,0x00007f2cf20d6000)]
  0x00007f2d0407e800 JavaThread "Reference Handler" daemon [_thread_blocked, id=1528, stack(0x00007f2cf20d6000,0x00007f2cf21d7000)]
  0x00007f2d0400b800 JavaThread "main" [_thread_blocked, id=1520, stack(0x00007f2d0c623000,0x00007f2d0c724000)]

Other Threads:
=>0x00007f2d04075000 VMThread [stack: 0x00007f2cf21d7000,0x00007f2cf22d8000] [id=1527]
  0x00007f2d040bd000 WatcherThread [stack: 0x00007f2cf1938000,0x00007f2cf1a39000] [id=1534]

VM state:at safepoint (normal execution)

VM Mutex/Monitor currently owned by a thread:  ([mutex/lock_event])
[0x00007f2d04007fb0] Threads_lock - owner thread: 0x00007f2d04075000
[0x00007f2d040084b0] Heap_lock - owner thread: 0x00007f2d0400b800

heap address: 0x00000000c2400000, size: 988 MB, Compressed Oops mode: 32-bit
Narrow klass base: 0x0000000000000000, Narrow klass shift: 3
Compressed class space size: 1073741824 Address: 0x0000000100000000

Heap:
 PSYoungGen      total 240640K, used 2408K [0x00000000eb700000, 0x00000000fa500000, 0x0000000100000000)
  eden space 237568K, 0% used [0x00000000eb700000,0x00000000eb700000,0x00000000f9f00000)
  from space 3072K, 78% used [0x00000000f9f00000,0x00000000fa15a1f0,0x00000000fa200000)
  to   space 3072K, 0% used [0x00000000fa200000,0x00000000fa200000,0x00000000fa500000)
 ParOldGen       total 37376K, used 19509K [0x00000000c2400000, 0x00000000c4880000, 0x00000000eb700000)
  object space 37376K, 52% used [0x00000000c2400000,0x00000000c370d718,0x00000000c4880000)
 Metaspace       used 2761K, capacity 4486K, committed 4864K, reserved 1056768K
  class space    used 281K, capacity 386K, committed 512K, reserved 1048576K

Card table byte_map: [0x00007f2d08ac5000,0x00007f2d08cb4000] byte_map_base: 0x00007f2d084b3000

Marking Bits: (ParMarkBitMap*) 0x00007f2d0b8de700
 Begin Bits: [0x00007f2cf3120000, 0x00007f2cf4090000)
 End Bits:   [0x00007f2cf4090000, 0x00007f2cf5000000)

Polling page: 0x00007f2d0c732000

CodeCache: size=245760Kb used=1186Kb max_used=1201Kb free=244573Kb
 bounds [0x00007f2cf5000000, 0x00007f2cf5270000, 0x00007f2d04000000]
 total_blobs=298 nmethods=52 adapters=162
 compilation: enabled

Compilation events (10 events):
Event: 0.504 Thread 0x00007f2d040b5000   48       4       java.lang.String::valueOf (18 bytes)
Event: 0.505 Thread 0x00007f2d040b5000 nmethod 48 0x00007f2cf51209d0 code [0x00007f2cf5120b20, 0x00007f2cf5120c58]
Event: 0.506 Thread 0x00007f2d040b5000   49       4       java.lang.StringBuilder::<init> (18 bytes)
Event: 0.522 Thread 0x00007f2d040b5000 nmethod 49 0x00007f2cf511c550 code [0x00007f2cf511c6c0, 0x00007f2cf511cbf8]
Event: 5.944 Thread 0x00007f2d040b8000   50 %     3       _01_Bit_Shifting.BitShifter::main @ 5 (132 bytes)
Event: 5.946 Thread 0x00007f2d040b8000 nmethod 50% 0x00007f2cf5122990 code [0x00007f2cf5122d80, 0x00007f2cf51256b8]
Event: 5.946 Thread 0x00007f2d040b8000   51       3       _01_Bit_Shifting.BitShifter::main (132 bytes)
Event: 5.947 Thread 0x00007f2d040b8000 nmethod 51 0x00007f2cf5126a90 code [0x00007f2cf5126e80, 0x00007f2cf5129778]
Event: 14.240 Thread 0x00007f2d040b5000   52 %     4       _01_Bit_Shifting.BitShifter::main @ 5 (132 bytes)
Event: 14.304 Thread 0x00007f2d040b5000 nmethod 52% 0x00007f2cf512d290 code [0x00007f2cf512d460, 0x00007f2cf512e498]

GC Heap History (10 events):
Event: 4649.372 GC heap after
Heap after GC invocations=45406 (full 298):
 PSYoungGen      total 167424K, used 2408K [0x00000000eb700000, 0x00000000f5d80000, 0x0000000100000000)
  eden space 164352K, 0% used [0x00000000eb700000,0x00000000eb700000,0x00000000f5780000)
  from space 3072K, 78% used [0x00000000f5a80000,0x00000000f5cda060,0x00000000f5d80000)
  to   space 3072K, 0% used [0x00000000f5780000,0x00000000f5780000,0x00000000f5a80000)
 ParOldGen       total 37376K, used 19509K [0x00000000c2400000, 0x00000000c4880000, 0x00000000eb700000)
  object space 37376K, 52% used [0x00000000c2400000,0x00000000c370d718,0x00000000c4880000)
 Metaspace       used 2761K, capacity 4486K, committed 4864K, reserved 1056768K
  class space    used 281K, capacity 386K, committed 512K, reserved 1048576K
}
Event: 4650.105 GC heap before
{Heap before GC invocations=45407 (full 298):
 PSYoungGen      total 167424K, used 164850K [0x00000000eb700000, 0x00000000f5d80000, 0x0000000100000000)
  eden space 164352K, 98% used [0x00000000eb700000,0x00000000f55a2b68,0x00000000f5780000)
  from space 3072K, 78% used [0x00000000f5a80000,0x00000000f5cda060,0x00000000f5d80000)
  to   space 3072K, 0% used [0x00000000f5780000,0x00000000f5780000,0x00000000f5a80000)
 ParOldGen       total 37376K, used 19509K [0x00000000c2400000, 0x00000000c4880000, 0x00000000eb700000)
  object space 37376K, 52% used [0x00000000c2400000,0x00000000c370d718,0x00000000c4880000)
 Metaspace       used 2761K, capacity 4486K, committed 4864K, reserved 1056768K
  class space    used 281K, capacity 386K, committed 512K, reserved 1048576K
Event: 4650.239 GC heap after
Heap after GC invocations=45407 (full 298):
 PSYoungGen      total 167424K, used 2408K [0x00000000eb700000, 0x00000000f7e00000, 0x0000000100000000)
  eden space 164352K, 0% used [0x00000000eb700000,0x00000000eb700000,0x00000000f5780000)
  from space 3072K, 78% used [0x00000000f5780000,0x00000000f59da0a8,0x00000000f5a80000)
  to   space 3072K, 0% used [0x00000000f7b00000,0x00000000f7b00000,0x00000000f7e00000)
 ParOldGen       total 37376K, used 19509K [0x00000000c2400000, 0x00000000c4880000, 0x00000000eb700000)
  object space 37376K, 52% used [0x00000000c2400000,0x00000000c370d718,0x00000000c4880000)
 Metaspace       used 2761K, capacity 4486K, committed 4864K, reserved 1056768K
  class space    used 281K, capacity 386K, committed 512K, reserved 1048576K
}
Event: 4650.459 GC heap before
{Heap before GC invocations=45408 (full 298):
 PSYoungGen      total 167424K, used 164865K [0x00000000eb700000, 0x00000000f7e00000, 0x0000000100000000)
  eden space 164352K, 98% used [0x00000000eb700000,0x00000000f55a6390,0x00000000f5780000)
  from space 3072K, 78% used [0x00000000f5780000,0x00000000f59da0a8,0x00000000f5a80000)
  to   space 3072K, 0% used [0x00000000f7b00000,0x00000000f7b00000,0x00000000f7e00000)
 ParOldGen       total 37376K, used 19509K [0x00000000c2400000, 0x00000000c4880000, 0x00000000eb700000)
  object space 37376K, 52% used [0x00000000c2400000,0x00000000c370d718,0x00000000c4880000)
 Metaspace       used 2761K, capacity 4486K, committed 4864K, reserved 1056768K
  class space    used 281K, capacity 386K, committed 512K, reserved 1048576K
Event: 4650.461 GC heap after
Heap after GC invocations=45408 (full 298):
 PSYoungGen      total 200704K, used 2408K [0x00000000eb700000, 0x00000000f7e00000, 0x0000000100000000)
  eden space 197632K, 0% used [0x00000000eb700000,0x00000000eb700000,0x00000000f7800000)
  from space 3072K, 78% used [0x00000000f7b00000,0x00000000f7d5a0e8,0x00000000f7e00000)
  to   space 3072K, 0% used [0x00000000f7800000,0x00000000f7800000,0x00000000f7b00000)
 ParOldGen       total 37376K, used 19509K [0x00000000c2400000, 0x00000000c4880000, 0x00000000eb700000)
  object space 37376K, 52% used [0x00000000c2400000,0x00000000c370d718,0x00000000c4880000)
 Metaspace       used 2761K, capacity 4486K, committed 4864K, reserved 1056768K
  class space    used 281K, capacity 386K, committed 512K, reserved 1048576K
}
Event: 4651.244 GC heap before
{Heap before GC invocations=45409 (full 298):
 PSYoungGen      total 200704K, used 198803K [0x00000000eb700000, 0x00000000f7e00000, 0x0000000100000000)
  eden space 197632K, 99% used [0x00000000eb700000,0x00000000f76cadc0,0x00000000f7800000)
  from space 3072K, 78% used [0x00000000f7b00000,0x00000000f7d5a0e8,0x00000000f7e00000)
  to   space 3072K, 0% used [0x00000000f7800000,0x00000000f7800000,0x00000000f7b00000)
 ParOldGen       total 37376K, used 19509K [0x00000000c2400000, 0x00000000c4880000, 0x00000000eb700000)
  object space 37376K, 52% used [0x00000000c2400000,0x00000000c370d718,0x00000000c4880000)
 Metaspace       used 2761K, capacity 4486K, committed 4864K, reserved 1056768K
  class space    used 281K, capacity 386K, committed 512K, reserved 1048576K
Event: 4651.247 GC heap after
Heap after GC invocations=45409 (full 298):
 PSYoungGen      total 200704K, used 2408K [0x00000000eb700000, 0x00000000fa500000, 0x0000000100000000)
  eden space 197632K, 0% used [0x00000000eb700000,0x00000000eb700000,0x00000000f7800000)
  from space 3072K, 78% used [0x00000000f7800000,0x00000000f7a5a138,0x00000000f7b00000)
  to   space 3072K, 0% used [0x00000000fa200000,0x00000000fa200000,0x00000000fa500000)
 ParOldGen       total 37376K, used 19509K [0x00000000c2400000, 0x00000000c4880000, 0x00000000eb700000)
  object space 37376K, 52% used [0x00000000c2400000,0x00000000c370d718,0x00000000c4880000)
 Metaspace       used 2761K, capacity 4486K, committed 4864K, reserved 1056768K
  class space    used 281K, capacity 386K, committed 512K, reserved 1048576K
}
Event: 4651.470 GC heap before
{Heap before GC invocations=45410 (full 298):
 PSYoungGen      total 200704K, used 198811K [0x00000000eb700000, 0x00000000fa500000, 0x0000000100000000)
  eden space 197632K, 99% used [0x00000000eb700000,0x00000000f76ccd68,0x00000000f7800000)
  from space 3072K, 78% used [0x00000000f7800000,0x00000000f7a5a138,0x00000000f7b00000)
  to   space 3072K, 0% used [0x00000000fa200000,0x00000000fa200000,0x00000000fa500000)
 ParOldGen       total 37376K, used 19509K [0x00000000c2400000, 0x00000000c4880000, 0x00000000eb700000)
  object space 37376K, 52% used [0x00000000c2400000,0x00000000c370d718,0x00000000c4880000)
 Metaspace       used 2761K, capacity 4486K, committed 4864K, reserved 1056768K
  class space    used 281K, capacity 386K, committed 512K, reserved 1048576K
Event: 4652.212 GC heap after
Heap after GC invocations=45410 (full 298):
 PSYoungGen      total 240640K, used 2408K [0x00000000eb700000, 0x00000000fa500000, 0x0000000100000000)
  eden space 237568K, 0% used [0x00000000eb700000,0x00000000eb700000,0x00000000f9f00000)
  from space 3072K, 78% used [0x00000000fa200000,0x00000000fa45a190,0x00000000fa500000)
  to   space 3072K, 0% used [0x00000000f9f00000,0x00000000f9f00000,0x00000000fa200000)
 ParOldGen       total 37376K, used 19509K [0x00000000c2400000, 0x00000000c4880000, 0x00000000eb700000)
  object space 37376K, 52% used [0x00000000c2400000,0x00000000c370d718,0x00000000c4880000)
 Metaspace       used 2761K, capacity 4486K, committed 4864K, reserved 1056768K
  class space    used 281K, capacity 386K, committed 512K, reserved 1048576K
}
Event: 4652.302 GC heap before
{Heap before GC invocations=45411 (full 298):
 PSYoungGen      total 240640K, used 237634K [0x00000000eb700000, 0x00000000fa500000, 0x0000000100000000)
  eden space 237568K, 99% used [0x00000000eb700000,0x00000000f9cb6a00,0x00000000f9f00000)
  from space 3072K, 78% used [0x00000000fa200000,0x00000000fa45a190,0x00000000fa500000)
  to   space 3072K, 0% used [0x00000000f9f00000,0x00000000f9f00000,0x00000000fa200000)
 ParOldGen       total 37376K, used 19509K [0x00000000c2400000, 0x00000000c4880000, 0x00000000eb700000)
  object space 37376K, 52% used [0x00000000c2400000,0x00000000c370d718,0x00000000c4880000)
 Metaspace       used 2761K, capacity 4486K, committed 4864K, reserved 1056768K
  class space    used 281K, capacity 386K, committed 512K, reserved 1048576K

Deoptimization events (0 events):
No events

Classes redefined (0 events):
No events

Internal exceptions (2 events):
Event: 0.134 Thread 0x00007f2d0400b800 Exception <a 'java/lang/NoSuchMethodError': Method sun.misc.Unsafe.defineClass(Ljava/lang/String;[BII)Ljava/lang/Class; name or signature does not match> (0x00000000eb707cc0) thrown at [/build/openjdk-8-jsjOeo/openjdk-8-8u265-b01/src/hotspot/src/share/vm/
Event: 0.134 Thread 0x00007f2d0400b800 Exception <a 'java/lang/NoSuchMethodError': Method sun.misc.Unsafe.prefetchRead(Ljava/lang/Object;J)V name or signature does not match> (0x00000000eb707fa8) thrown at [/build/openjdk-8-jsjOeo/openjdk-8-8u265-b01/src/hotspot/src/share/vm/prims/jni.cpp, lin

Events (10 events):
Event: 4649.372 Executing VM operation: ParallelGCFailedAllocation done
Event: 4650.084 Executing VM operation: ParallelGCFailedAllocation
Event: 4650.239 Executing VM operation: ParallelGCFailedAllocation done
Event: 4650.459 Executing VM operation: ParallelGCFailedAllocation
Event: 4650.461 Executing VM operation: ParallelGCFailedAllocation done
Event: 4651.139 Executing VM operation: ParallelGCFailedAllocation
Event: 4651.247 Executing VM operation: ParallelGCFailedAllocation done
Event: 4651.470 Executing VM operation: ParallelGCFailedAllocation
Event: 4652.224 Executing VM operation: ParallelGCFailedAllocation done
Event: 4652.302 Executing VM operation: ParallelGCFailedAllocation


Dynamic libraries:
c2400000-c4880000 rw-p 00000000 00:00 0 
c4880000-eb700000 ---p 00000000 00:00 0 
eb700000-fa500000 rw-p 00000000 00:00 0 
fd380000-100000000 ---p 00000000 00:00 0 
100000000-100080000 rw-p 00000000 00:00 0 
100080000-140000000 ---p 00000000 00:00 0 
55bf4abda000-55bf4abdb000 r-xp 00000000 ca:01 3339417                    /usr/lib/jvm/java-8-openjdk-amd64/jre/bin/java
55bf4adda000-55bf4addb000 r--p 00000000 ca:01 3339417                    /usr/lib/jvm/java-8-openjdk-amd64/jre/bin/java
55bf4addb000-55bf4addc000 rw-p 00001000 ca:01 3339417                    /usr/lib/jvm/java-8-openjdk-amd64/jre/bin/java
55bf4b6f4000-55bf4b715000 rw-p 00000000 00:00 0                          [heap]
7f2cc4000000-7f2cc4021000 rw-p 00000000 00:00 0 
7f2cc4021000-7f2cc8000000 ---p 00000000 00:00 0 
7f2ccc000000-7f2ccc090000 rw-p 00000000 00:00 0 
7f2ccc090000-7f2cd0000000 ---p 00000000 00:00 0 
7f2cd0000000-7f2cd0021000 rw-p 00000000 00:00 0 
7f2cd0021000-7f2cd4000000 ---p 00000000 00:00 0 
7f2cd4000000-7f2cd4021000 rw-p 00000000 00:00 0 
7f2cd4021000-7f2cd8000000 ---p 00000000 00:00 0 
7f2cd8000000-7f2cd8258000 rw-p 00000000 00:00 0 
7f2cd8258000-7f2cdc000000 ---p 00000000 00:00 0 
7f2cdc000000-7f2cdc021000 rw-p 00000000 00:00 0 
7f2cdc021000-7f2ce0000000 ---p 00000000 00:00 0 
7f2ce0000000-7f2ce0021000 rw-p 00000000 00:00 0 
7f2ce0021000-7f2ce4000000 ---p 00000000 00:00 0 
7f2ce4000000-7f2ce4021000 rw-p 00000000 00:00 0 
7f2ce4021000-7f2ce8000000 ---p 00000000 00:00 0 
7f2ce8000000-7f2ce8021000 rw-p 00000000 00:00 0 
7f2ce8021000-7f2cec000000 ---p 00000000 00:00 0 
7f2cec000000-7f2cec021000 rw-p 00000000 00:00 0 
7f2cec021000-7f2cf0000000 ---p 00000000 00:00 0 
7f2cf1493000-7f2cf14c4000 rw-p 00000000 00:00 0 
7f2cf14c4000-7f2cf14db000 r-xp 00000000 ca:01 3339459                    /usr/lib/jvm/java-8-openjdk-amd64/jre/lib/amd64/libnet.so
7f2cf14db000-7f2cf16db000 ---p 00017000 ca:01 3339459                    /usr/lib/jvm/java-8-openjdk-amd64/jre/lib/amd64/libnet.so
7f2cf16db000-7f2cf16dc000 r--p 00017000 ca:01 3339459                    /usr/lib/jvm/java-8-openjdk-amd64/jre/lib/amd64/libnet.so
7f2cf16dc000-7f2cf16dd000 rw-p 00018000 ca:01 3339459                    /usr/lib/jvm/java-8-openjdk-amd64/jre/lib/amd64/libnet.so
7f2cf16dd000-7f2cf16ef000 r-xp 00000000 ca:01 3339460                    /usr/lib/jvm/java-8-openjdk-amd64/jre/lib/amd64/libnio.so
7f2cf16ef000-7f2cf18ee000 ---p 00012000 ca:01 3339460                    /usr/lib/jvm/java-8-openjdk-amd64/jre/lib/amd64/libnio.so
7f2cf18ee000-7f2cf18ef000 r--p 00011000 ca:01 3339460                    /usr/lib/jvm/java-8-openjdk-amd64/jre/lib/amd64/libnio.so
7f2cf18ef000-7f2cf18f0000 rw-p 00012000 ca:01 3339460                    /usr/lib/jvm/java-8-openjdk-amd64/jre/lib/amd64/libnio.so
7f2cf18f0000-7f2cf18f5000 r--s 002f9000 ca:01 3339475                    /usr/lib/jvm/java-8-openjdk-amd64/jre/lib/charsets.jar
7f2cf18f5000-7f2cf18fa000 r--s 000a7000 ca:01 3339511                    /usr/lib/jvm/java-8-openjdk-amd64/jre/lib/jsse.jar
7f2cf18fa000-7f2cf190d000 r--s 00346000 ca:01 3339524                    /usr/lib/jvm/java-8-openjdk-amd64/jre/lib/resources.jar
7f2cf190d000-7f2cf1913000 r--s 0003d000 ca:01 3339493                    /usr/lib/jvm/java-8-openjdk-amd64/jre/lib/ext/sunjce_provider.jar
7f2cf1913000-7f2cf192e000 r--s 001d6000 ca:01 3339491                    /usr/lib/jvm/java-8-openjdk-amd64/jre/lib/ext/nashorn.jar
7f2cf192e000-7f2cf1938000 r--s 00117000 ca:01 3339490                    /usr/lib/jvm/java-8-openjdk-amd64/jre/lib/ext/localedata.jar
7f2cf1938000-7f2cf1939000 ---p 00000000 00:00 0 
7f2cf1939000-7f2cf1a39000 rw-p 00000000 00:00 0 
7f2cf1a39000-7f2cf1a3c000 ---p 00000000 00:00 0 
7f2cf1a3c000-7f2cf1b3a000 rw-p 00000000 00:00 0 
7f2cf1b3a000-7f2cf1b3d000 ---p 00000000 00:00 0 
7f2cf1b3d000-7f2cf1c3b000 rw-p 00000000 00:00 0 
7f2cf1c3b000-7f2cf1c3e000 ---p 00000000 00:00 0 
7f2cf1c3e000-7f2cf1d3c000 rw-p 00000000 00:00 0 
7f2cf1d3c000-7f2cf1d3f000 ---p 00000000 00:00 0 
7f2cf1d3f000-7f2cf1e3d000 rw-p 00000000 00:00 0 
7f2cf1e3d000-7f2cf1fd5000 r--p 00000000 ca:01 2327788                    /usr/lib/locale/locale-archive
7f2cf1fd5000-7f2cf1fd8000 ---p 00000000 00:00 0 
7f2cf1fd8000-7f2cf20d6000 rw-p 00000000 00:00 0 
7f2cf20d6000-7f2cf20d9000 ---p 00000000 00:00 0 
7f2cf20d9000-7f2cf21d7000 rw-p 00000000 00:00 0 
7f2cf21d7000-7f2cf21d8000 ---p 00000000 00:00 0 
7f2cf21d8000-7f2cf2d60000 rw-p 00000000 00:00 0 
7f2cf2d60000-7f2cf3120000 ---p 00000000 00:00 0 
7f2cf3120000-7f2cf5000000 rw-p 00000000 00:00 0 
7f2cf5000000-7f2cf5270000 rwxp 00000000 00:00 0 
7f2cf5270000-7f2d04000000 ---p 00000000 00:00 0 
7f2d04000000-7f2d04172000 rw-p 00000000 00:00 0 
7f2d04172000-7f2d08000000 ---p 00000000 00:00 0 
7f2d08000000-7f2d08002000 r--s 00016000 ca:01 3339509                    /usr/lib/jvm/java-8-openjdk-amd64/jre/lib/jce.jar
7f2d08002000-7f2d08004000 r--s 00001000 ca:01 3339487                    /usr/lib/jvm/java-8-openjdk-amd64/jre/lib/ext/dnsns.jar
7f2d08004000-7f2d0801f000 r--s 00394000 ca:01 3339486                    /usr/lib/jvm/java-8-openjdk-amd64/jre/lib/ext/cldrdata.jar
7f2d0801f000-7f2d08343000 rw-p 00000000 00:00 0 
7f2d08343000-7f2d08515000 r--s 03ca8000 ca:01 3339525                    /usr/lib/jvm/java-8-openjdk-amd64/jre/lib/rt.jar
7f2d08515000-7f2d08779000 rw-p 00000000 00:00 0 
7f2d08779000-7f2d0877a000 ---p 00000000 00:00 0 
7f2d0877a000-7f2d0887a000 rw-p 00000000 00:00 0 
7f2d0887a000-7f2d0887b000 ---p 00000000 00:00 0 
7f2d0887b000-7f2d0898e000 rw-p 00000000 00:00 0 
7f2d0898e000-7f2d08ac5000 ---p 00000000 00:00 0 
7f2d08ac5000-7f2d08ad8000 rw-p 00000000 00:00 0 
7f2d08ad8000-7f2d08c0e000 ---p 00000000 00:00 0 
7f2d08c0e000-7f2d08c86000 rw-p 00000000 00:00 0 
7f2d08c86000-7f2d08cb3000 ---p 00000000 00:00 0 
7f2d08cb3000-7f2d08cbe000 rw-p 00000000 00:00 0 
7f2d08cbe000-7f2d09074000 ---p 00000000 00:00 0 
7f2d09074000-7f2d0907c000 r-xp 00000000 ca:01 3339468                    /usr/lib/jvm/java-8-openjdk-amd64/jre/lib/amd64/libzip.so
7f2d0907c000-7f2d0927b000 ---p 00008000 ca:01 3339468                    /usr/lib/jvm/java-8-openjdk-amd64/jre/lib/amd64/libzip.so
7f2d0927b000-7f2d0927c000 r--p 00007000 ca:01 3339468                    /usr/lib/jvm/java-8-openjdk-amd64/jre/lib/amd64/libzip.so
7f2d0927c000-7f2d0927d000 rw-p 00008000 ca:01 3339468                    /usr/lib/jvm/java-8-openjdk-amd64/jre/lib/amd64/libzip.so
7f2d0927d000-7f2d09288000 r-xp 00000000 ca:01 2065680                    /lib/x86_64-linux-gnu/libnss_files-2.23.so
7f2d09288000-7f2d09487000 ---p 0000b000 ca:01 2065680                    /lib/x86_64-linux-gnu/libnss_files-2.23.so
7f2d09487000-7f2d09488000 r--p 0000a000 ca:01 2065680                    /lib/x86_64-linux-gnu/libnss_files-2.23.so
7f2d09488000-7f2d09489000 rw-p 0000b000 ca:01 2065680                    /lib/x86_64-linux-gnu/libnss_files-2.23.so
7f2d09489000-7f2d0948f000 rw-p 00000000 00:00 0 
7f2d0948f000-7f2d0949a000 r-xp 00000000 ca:01 2065684                    /lib/x86_64-linux-gnu/libnss_nis-2.23.so
7f2d0949a000-7f2d09699000 ---p 0000b000 ca:01 2065684                    /lib/x86_64-linux-gnu/libnss_nis-2.23.so
7f2d09699000-7f2d0969a000 r--p 0000a000 ca:01 2065684                    /lib/x86_64-linux-gnu/libnss_nis-2.23.so
7f2d0969a000-7f2d0969b000 rw-p 0000b000 ca:01 2065684                    /lib/x86_64-linux-gnu/libnss_nis-2.23.so
7f2d0969b000-7f2d096b1000 r-xp 00000000 ca:01 2065674                    /lib/x86_64-linux-gnu/libnsl-2.23.so
7f2d096b1000-7f2d098b0000 ---p 00016000 ca:01 2065674                    /lib/x86_64-linux-gnu/libnsl-2.23.so
7f2d098b0000-7f2d098b1000 r--p 00015000 ca:01 2065674                    /lib/x86_64-linux-gnu/libnsl-2.23.so
7f2d098b1000-7f2d098b2000 rw-p 00016000 ca:01 2065674                    /lib/x86_64-linux-gnu/libnsl-2.23.so
7f2d098b2000-7f2d098b4000 rw-p 00000000 00:00 0 
7f2d098b4000-7f2d098bc000 r-xp 00000000 ca:01 2065676                    /lib/x86_64-linux-gnu/libnss_compat-2.23.so
7f2d098bc000-7f2d09abb000 ---p 00008000 ca:01 2065676                    /lib/x86_64-linux-gnu/libnss_compat-2.23.so
7f2d09abb000-7f2d09abc000 r--p 00007000 ca:01 2065676                    /lib/x86_64-linux-gnu/libnss_compat-2.23.so
7f2d09abc000-7f2d09abd000 rw-p 00008000 ca:01 2065676                    /lib/x86_64-linux-gnu/libnss_compat-2.23.so
7f2d09abd000-7f2d09ae6000 r-xp 00000000 ca:01 3339447                    /usr/lib/jvm/java-8-openjdk-amd64/jre/lib/amd64/libjava.so
7f2d09ae6000-7f2d09ce6000 ---p 00029000 ca:01 3339447                    /usr/lib/jvm/java-8-openjdk-amd64/jre/lib/amd64/libjava.so
7f2d09ce6000-7f2d09ce7000 r--p 00029000 ca:01 3339447                    /usr/lib/jvm/java-8-openjdk-amd64/jre/lib/amd64/libjava.so
7f2d09ce7000-7f2d09ce9000 rw-p 0002a000 ca:01 3339447                    /usr/lib/jvm/java-8-openjdk-amd64/jre/lib/amd64/libjava.so
7f2d09ce9000-7f2d09cf8000 r-xp 00000000 ca:01 3339467                    /usr/lib/jvm/java-8-openjdk-amd64/jre/lib/amd64/libverify.so
7f2d09cf8000-7f2d09ef7000 ---p 0000f000 ca:01 3339467                    /usr/lib/jvm/java-8-openjdk-amd64/jre/lib/amd64/libverify.so
7f2d09ef7000-7f2d09ef9000 r--p 0000e000 ca:01 3339467                    /usr/lib/jvm/java-8-openjdk-amd64/jre/lib/amd64/libverify.so
7f2d09ef9000-7f2d09efa000 rw-p 00010000 ca:01 3339467                    /usr/lib/jvm/java-8-openjdk-amd64/jre/lib/amd64/libverify.so
7f2d09efa000-7f2d09f01000 r-xp 00000000 ca:01 2065699                    /lib/x86_64-linux-gnu/librt-2.23.so
7f2d09f01000-7f2d0a100000 ---p 00007000 ca:01 2065699                    /lib/x86_64-linux-gnu/librt-2.23.so
7f2d0a100000-7f2d0a101000 r--p 00006000 ca:01 2065699                    /lib/x86_64-linux-gnu/librt-2.23.so
7f2d0a101000-7f2d0a102000 rw-p 00007000 ca:01 2065699                    /lib/x86_64-linux-gnu/librt-2.23.so
7f2d0a102000-7f2d0a118000 r-xp 00000000 ca:01 257264                     /lib/x86_64-linux-gnu/libgcc_s.so.1
7f2d0a118000-7f2d0a317000 ---p 00016000 ca:01 257264                     /lib/x86_64-linux-gnu/libgcc_s.so.1
7f2d0a317000-7f2d0a318000 rw-p 00015000 ca:01 257264                     /lib/x86_64-linux-gnu/libgcc_s.so.1
7f2d0a318000-7f2d0a420000 r-xp 00000000 ca:01 2065667                    /lib/x86_64-linux-gnu/libm-2.23.so
7f2d0a420000-7f2d0a61f000 ---p 00108000 ca:01 2065667                    /lib/x86_64-linux-gnu/libm-2.23.so
7f2d0a61f000-7f2d0a620000 r--p 00107000 ca:01 2065667                    /lib/x86_64-linux-gnu/libm-2.23.so
7f2d0a620000-7f2d0a621000 rw-p 00108000 ca:01 2065667                    /lib/x86_64-linux-gnu/libm-2.23.so
7f2d0a621000-7f2d0a793000 r-xp 00000000 ca:01 3346102                    /usr/lib/x86_64-linux-gnu/libstdc++.so.6.0.21
7f2d0a793000-7f2d0a993000 ---p 00172000 ca:01 3346102                    /usr/lib/x86_64-linux-gnu/libstdc++.so.6.0.21
7f2d0a993000-7f2d0a99d000 r--p 00172000 ca:01 3346102                    /usr/lib/x86_64-linux-gnu/libstdc++.so.6.0.21
7f2d0a99d000-7f2d0a99f000 rw-p 0017c000 ca:01 3346102                    /usr/lib/x86_64-linux-gnu/libstdc++.so.6.0.21
7f2d0a99f000-7f2d0a9a3000 rw-p 00000000 00:00 0 
7f2d0a9a3000-7f2d0b60e000 r-xp 00000000 ca:01 3339473                    /usr/lib/jvm/java-8-openjdk-amd64/jre/lib/amd64/server/libjvm.so
7f2d0b60e000-7f2d0b80d000 ---p 00c6b000 ca:01 3339473                    /usr/lib/jvm/java-8-openjdk-amd64/jre/lib/amd64/server/libjvm.so
7f2d0b80d000-7f2d0b8a2000 r--p 00c6a000 ca:01 3339473                    /usr/lib/jvm/java-8-openjdk-amd64/jre/lib/amd64/server/libjvm.so
7f2d0b8a2000-7f2d0b8cb000 rw-p 00cff000 ca:01 3339473                    /usr/lib/jvm/java-8-openjdk-amd64/jre/lib/amd64/server/libjvm.so
7f2d0b8cb000-7f2d0b8fb000 rw-p 00000000 00:00 0 
7f2d0b8fb000-7f2d0b913000 r-xp 00000000 ca:01 2065695                    /lib/x86_64-linux-gnu/libpthread-2.23.so
7f2d0b913000-7f2d0bb12000 ---p 00018000 ca:01 2065695                    /lib/x86_64-linux-gnu/libpthread-2.23.so
7f2d0bb12000-7f2d0bb13000 r--p 00017000 ca:01 2065695                    /lib/x86_64-linux-gnu/libpthread-2.23.so
7f2d0bb13000-7f2d0bb14000 rw-p 00018000 ca:01 2065695                    /lib/x86_64-linux-gnu/libpthread-2.23.so
7f2d0bb14000-7f2d0bb18000 rw-p 00000000 00:00 0 
7f2d0bb18000-7f2d0bb1b000 r-xp 00000000 ca:01 2065645                    /lib/x86_64-linux-gnu/libdl-2.23.so
7f2d0bb1b000-7f2d0bd1a000 ---p 00003000 ca:01 2065645                    /lib/x86_64-linux-gnu/libdl-2.23.so
7f2d0bd1a000-7f2d0bd1b000 r--p 00002000 ca:01 2065645                    /lib/x86_64-linux-gnu/libdl-2.23.so
7f2d0bd1b000-7f2d0bd1c000 rw-p 00003000 ca:01 2065645                    /lib/x86_64-linux-gnu/libdl-2.23.so
7f2d0bd1c000-7f2d0bd35000 r-xp 00000000 ca:01 2065720                    /lib/x86_64-linux-gnu/libz.so.1.2.8
7f2d0bd35000-7f2d0bf34000 ---p 00019000 ca:01 2065720                    /lib/x86_64-linux-gnu/libz.so.1.2.8
7f2d0bf34000-7f2d0bf35000 r--p 00018000 ca:01 2065720                    /lib/x86_64-linux-gnu/libz.so.1.2.8
7f2d0bf35000-7f2d0bf36000 rw-p 00019000 ca:01 2065720                    /lib/x86_64-linux-gnu/libz.so.1.2.8
7f2d0bf36000-7f2d0c0f6000 r-xp 00000000 ca:01 2065634                    /lib/x86_64-linux-gnu/libc-2.23.so
7f2d0c0f6000-7f2d0c2f6000 ---p 001c0000 ca:01 2065634                    /lib/x86_64-linux-gnu/libc-2.23.so
7f2d0c2f6000-7f2d0c2fa000 r--p 001c0000 ca:01 2065634                    /lib/x86_64-linux-gnu/libc-2.23.so
7f2d0c2fa000-7f2d0c2fc000 rw-p 001c4000 ca:01 2065634                    /lib/x86_64-linux-gnu/libc-2.23.so
7f2d0c2fc000-7f2d0c300000 rw-p 00000000 00:00 0 
7f2d0c300000-7f2d0c30e000 r-xp 00000000 ca:01 3339431                    /usr/lib/jvm/java-8-openjdk-amd64/jre/lib/amd64/jli/libjli.so
7f2d0c30e000-7f2d0c50d000 ---p 0000e000 ca:01 3339431                    /usr/lib/jvm/java-8-openjdk-amd64/jre/lib/amd64/jli/libjli.so
7f2d0c50d000-7f2d0c50e000 r--p 0000d000 ca:01 3339431                    /usr/lib/jvm/java-8-openjdk-amd64/jre/lib/amd64/jli/libjli.so
7f2d0c50e000-7f2d0c50f000 rw-p 0000e000 ca:01 3339431                    /usr/lib/jvm/java-8-openjdk-amd64/jre/lib/amd64/jli/libjli.so
7f2d0c50f000-7f2d0c535000 r-xp 00000000 ca:01 2065618                    /lib/x86_64-linux-gnu/ld-2.23.so
7f2d0c535000-7f2d0c536000 r--s 0000a000 ca:01 3339489                    /usr/lib/jvm/java-8-openjdk-amd64/jre/lib/ext/jaccess.jar
7f2d0c536000-7f2d0c539000 r--s 0000f000 ca:01 3339488                    /usr/lib/jvm/java-8-openjdk-amd64/jre/lib/ext/icedtea-sound.jar
7f2d0c539000-7f2d0c53a000 r--s 0000d000 ca:01 3339492                    /usr/lib/jvm/java-8-openjdk-amd64/jre/lib/ext/sunec.jar
7f2d0c53a000-7f2d0c53e000 r--s 0003a000 ca:01 3339494                    /usr/lib/jvm/java-8-openjdk-amd64/jre/lib/ext/sunpkcs11.jar
7f2d0c53e000-7f2d0c623000 rw-p 00000000 00:00 0 
7f2d0c623000-7f2d0c626000 ---p 00000000 00:00 0 
7f2d0c626000-7f2d0c728000 rw-p 00000000 00:00 0 
7f2d0c728000-7f2d0c729000 r--s 00010000 ca:01 3339495                    /usr/lib/jvm/java-8-openjdk-amd64/jre/lib/ext/zipfs.jar
7f2d0c729000-7f2d0c731000 rw-s 00000000 ca:01 281773                     /tmp/hsperfdata_root/1517
7f2d0c731000-7f2d0c732000 rw-p 00000000 00:00 0 
7f2d0c732000-7f2d0c733000 ---p 00000000 00:00 0 
7f2d0c733000-7f2d0c734000 rw-p 00000000 00:00 0 
7f2d0c734000-7f2d0c735000 r--p 00025000 ca:01 2065618                    /lib/x86_64-linux-gnu/ld-2.23.so
7f2d0c735000-7f2d0c736000 rw-p 00026000 ca:01 2065618                    /lib/x86_64-linux-gnu/ld-2.23.so
7f2d0c736000-7f2d0c737000 rw-p 00000000 00:00 0 
7ffc29fce000-7ffc29fef000 rw-p 00000000 00:00 0                          [stack]
7ffc29ff5000-7ffc29ff7000 r--p 00000000 00:00 0                          [vvar]
7ffc29ff7000-7ffc29ff9000 r-xp 00000000 00:00 0                          [vdso]
ffffffffff600000-ffffffffff601000 r-xp 00000000 00:00 0                  [vsyscall]

VM Arguments:
jvm_args: -Dfile.encoding=UTF-8 
java_command: _01_Bit_Shifting.BitShifter
java_class_path (initial): /usr/lib/jvm/java-8-openjdk-amd64/jre/lib/resources.jar:/usr/lib/jvm/java-8-openjdk-amd64/jre/lib/rt.jar:/usr/lib/jvm/java-8-openjdk-amd64/jre/lib/jsse.jar:/usr/lib/jvm/java-8-openjdk-amd64/jre/lib/jce.jar:/usr/lib/jvm/java-8-openjdk-amd64/jre/lib/charsets.jar:/usr/lib/jvm/java-8-openjdk-amd64/jre/lib/ext/zipfs.jar:/usr/lib/jvm/java-8-openjdk-amd64/jre/lib/ext/sunpkcs11.jar:/usr/lib/jvm/java-8-openjdk-amd64/jre/lib/ext/cldrdata.jar:/usr/lib/jvm/java-8-openjdk-amd64/jre/lib/ext/sunec.jar:/usr/lib/jvm/java-8-openjdk-amd64/jre/lib/ext/localedata.jar:/usr/lib/jvm/java-8-openjdk-amd64/jre/lib/ext/nashorn.jar:/usr/lib/jvm/java-8-openjdk-amd64/jre/lib/ext/sunjce_provider.jar:/usr/lib/jvm/java-8-openjdk-amd64/jre/lib/ext/icedtea-sound.jar:/usr/lib/jvm/java-8-openjdk-amd64/jre/lib/ext/dnsns.jar:/usr/lib/jvm/java-8-openjdk-amd64/jre/lib/ext/jaccess.jar:/root/git/level5-04-bitwise-operations-CookieDoughYum/bin:/headless/eclipse/plugins/org.junit.jupiter.api_5.0.0.v20170910-2246.jar:/headless/eclipse/plugins/org.junit.jupiter.engine_5.0.0.v20170910-2246.jar:/headless/eclipse/plugins/org.junit.jupiter.migrationsupport_5.0.0.v20170910-2246.jar:/headless/eclipse/plugins/org.junit.jupiter.params_5.0.0.v20170910-2246.jar:/headless/eclipse/plugins/org.junit.platform.commons_1.0.0.v20170910-2246.jar:/headless/eclipse/plugins/org.junit.platform.engine_1.0.0.v20170910-2246.jar:/headless/eclipse/plugins/org.junit.platform.launcher_1.0.0.v20170910-2246.jar:/headless/eclipse/plugins/org.junit.platform.runner_1.0.0.v20170910-2246.jar:/headless/eclipse/plugins/org.junit.platform.suite.api_1.0.0.v20170910-2246.jar:/headless/eclipse/plugins/org.junit.vintage.engine_4.12.0.v20170910-2246.jar:/headless/eclipse/plugins/org.opentest4j_1.0.0.v20170910-2246.jar:/headless/eclipse/plugins/org.apiguardian_1.0.0.v20170910-2246.jar:/headless/eclipse/plugins/org.junit_4.12.0.v201504281640/junit.jar:/headless/eclipse/plugins/org.hamcrest.core_1.3.0.v201303031735.jar
Launcher Type: SUN_STANDARD

Environment Variables:
PATH=/usr/local/sbin:/usr/local/bin:/usr/sbin:/usr/bin:/sbin:/bin
DISPLAY=:1.0

Signal Handlers:
SIGSEGV: [libjvm.so+0xa791d0], sa_mask[0]=11111111011111111101111111111110, sa_flags=SA_RESTART|SA_SIGINFO
SIGBUS: [libjvm.so+0xa791d0], sa_mask[0]=11111111011111111101111111111110, sa_flags=SA_RESTART|SA_SIGINFO
SIGFPE: [libjvm.so+0x8bd050], sa_mask[0]=11111111011111111101111111111110, sa_flags=SA_RESTART|SA_SIGINFO
SIGPIPE: [libjvm.so+0x8bd050], sa_mask[0]=11111111011111111101111111111110, sa_flags=SA_RESTART|SA_SIGINFO
SIGXFSZ: [libjvm.so+0x8bd050], sa_mask[0]=11111111011111111101111111111110, sa_flags=SA_RESTART|SA_SIGINFO
SIGILL: [libjvm.so+0x8bd050], sa_mask[0]=11111111011111111101111111111110, sa_flags=SA_RESTART|SA_SIGINFO
SIGUSR1: SIG_DFL, sa_mask[0]=00000000000000000000000000000000, sa_flags=none
SIGUSR2: [libjvm.so+0x8bcf00], sa_mask[0]=00100000000000000000000000000000, sa_flags=SA_RESTART|SA_SIGINFO
SIGHUP: [libjvm.so+0x8bd590], sa_mask[0]=11111111011111111101111111111110, sa_flags=SA_RESTART|SA_SIGINFO
SIGINT: [libjvm.so+0x8bd590], sa_mask[0]=11111111011111111101111111111110, sa_flags=SA_RESTART|SA_SIGINFO
SIGTERM: [libjvm.so+0x8bd590], sa_mask[0]=11111111011111111101111111111110, sa_flags=SA_RESTART|SA_SIGINFO
SIGQUIT: [libjvm.so+0x8bd590], sa_mask[0]=11111111011111111101111111111110, sa_flags=SA_RESTART|SA_SIGINFO


---------------  S Y S T E M  ---------------

OS:DISTRIB_ID=Ubuntu
DISTRIB_RELEASE=16.04
DISTRIB_CODENAME=xenial
DISTRIB_DESCRIPTION="Ubuntu 16.04.7 LTS"

uname:Linux 4.4.0-1128-aws #142-Ubuntu SMP Fri Apr 16 12:42:33 UTC 2021 x86_64
libc:glibc 2.23 NPTL 2.23 
rlimit: STACK 8192k, CORE infinity, NPROC infinity, NOFILE 1048576, AS infinity
load average:39.72 23.60 19.42

/proc/meminfo:
MemTotal:        4045084 kB
MemFree:          267152 kB
MemAvailable:     182468 kB
Buffers:            1568 kB
Cached:            84328 kB
SwapCached:            0 kB
Active:          3556972 kB
Inactive:          79904 kB
Active(anon):    3555128 kB
Inactive(anon):    38956 kB
Active(file):       1844 kB
Inactive(file):    40948 kB
Unevictable:        3652 kB
Mlocked:            3652 kB
SwapTotal:             0 kB
SwapFree:              0 kB
Dirty:               172 kB
Writeback:             0 kB
AnonPages:       3554912 kB
Mapped:            68316 kB
Shmem:             40404 kB
Slab:              62268 kB
SReclaimable:      23088 kB
SUnreclaim:        39180 kB
KernelStack:       10704 kB
PageTables:        26392 kB
NFS_Unstable:          0 kB
Bounce:                0 kB
WritebackTmp:          0 kB
CommitLimit:     2022540 kB
Committed_AS:    6020956 kB
VmallocTotal:   34359738367 kB
VmallocUsed:           0 kB
VmallocChunk:          0 kB
HardwareCorrupted:     0 kB
AnonHugePages:         0 kB
CmaTotal:              0 kB
CmaFree:               0 kB
HugePages_Total:       0
HugePages_Free:        0
HugePages_Rsvd:        0
HugePages_Surp:        0
Hugepagesize:       2048 kB
DirectMap4k:       77824 kB
DirectMap2M:     4116480 kB

container (cgroup) information:
container_type: cgroupv1
cpu_cpuset_cpus: 0-1
cpu_memory_nodes: 0
active_processor_count: 2
cpu_quota: -1
cpu_period: 100000
cpu_shares: -1
memory_limit_in_bytes: -1
memory_and_swap_limit_in_bytes: -2
memory_soft_limit_in_bytes: -1
memory_usage_in_bytes: 3599880192
memory_max_usage_in_bytes: 3789897728


CPU:total 2 (initial active 2) (2 cores per cpu, 1 threads per core) family 6 model 63 stepping 2, cmov, cx8, fxsr, mmx, sse, sse2, sse3, ssse3, sse4.1, sse4.2, popcnt, avx, avx2, aes, clmul, erms, lzcnt, tsc, bmi1, bmi2

/proc/cpuinfo:
processor	: 0
vendor_id	: GenuineIntel
cpu family	: 6
model		: 63
model name	: Intel(R) Xeon(R) CPU E5-2676 v3 @ 2.40GHz
stepping	: 2
microcode	: 0x44
cpu MHz		: 2400.058
cache size	: 30720 KB
physical id	: 0
siblings	: 2
core id		: 0
cpu cores	: 2
apicid		: 0
initial apicid	: 0
fpu		: yes
fpu_exception	: yes
cpuid level	: 13
wp		: yes
flags		: fpu vme de pse tsc msr pae mce cx8 apic sep mtrr pge mca cmov pat pse36 clflush mmx fxsr sse sse2 ht syscall nx rdtscp lm constant_tsc rep_good nopl xtopology pni pclmulqdq ssse3 fma cx16 pcid sse4_1 sse4_2 x2apic movbe popcnt tsc_deadline_timer aes xsave avx f16c rdrand hypervisor lahf_lm abm invpcid_single kaiser fsgsbase bmi1 avx2 smep bmi2 erms invpcid xsaveopt
bugs		: cpu_meltdown spectre_v1 spectre_v2 spec_store_bypass l1tf mds swapgs itlb_multihit
bogomips	: 4800.11
clflush size	: 64
cache_alignment	: 64
address sizes	: 46 bits physical, 48 bits virtual
power management:

processor	: 1
vendor_id	: GenuineIntel
cpu family	: 6
model		: 63
model name	: Intel(R) Xeon(R) CPU E5-2676 v3 @ 2.40GHz
stepping	: 2
microcode	: 0x44
cpu MHz		: 2400.058
cache size	: 30720 KB
physical id	: 0
siblings	: 2
core id		: 1
cpu cores	: 2
apicid		: 2
initial apicid	: 2
fpu		: yes
fpu_exception	: yes
cpuid level	: 13
wp		: yes
flags		: fpu vme de pse tsc msr pae mce cx8 apic sep mtrr pge mca cmov pat pse36 clflush mmx fxsr sse sse2 ht syscall nx rdtscp lm constant_tsc rep_good nopl xtopology pni pclmulqdq ssse3 fma cx16 pcid sse4_1 sse4_2 x2apic movbe popcnt tsc_deadline_timer aes xsave avx f16c rdrand hypervisor lahf_lm abm invpcid_single kaiser fsgsbase bmi1 avx2 smep bmi2 erms invpcid xsaveopt
bugs		: cpu_meltdown spectre_v1 spectre_v2 spec_store_bypass l1tf mds swapgs itlb_multihit
bogomips	: 4800.11
clflush size	: 64
cache_alignment	: 64
address sizes	: 46 bits physical, 48 bits virtual
power management:



Memory: 4k page, physical 4045084k(266532k free), swap 0k(0k free)

vm_info: OpenJDK 64-Bit Server VM (25.265-b01) for linux-amd64 JRE (1.8.0_265-8u265-b01-0ubuntu2~16.04-b01), built on Aug  3 2020 01:38:05 by "buildd" with gcc 5.4.0 20160609

time: Mon Jul 19 23:59:28 2021
timezone: UTC
elapsed time: 4653 seconds (0d 1h 17m 33s)

